
 ACO - Begin Of Execution
 run;	iter;	prob;	col size;	Fitness;	Total Time ;
 0;	50;	1;	1024;		3800.000000,	0.278781 ;
 1;	50;	1;	1024;		3800.000000,	0.011485 ;
 2;	50;	1;	1024;		3800.000000,	0.011313 ;
 3;	50;	1;	1024;		3800.000000,	0.011339 ;
 4;	50;	1;	1024;		3800.000000,	0.011283 ;
 0;	50;	1;	2048;		3800.000000,	0.017736 ;
 1;	50;	1;	2048;		3800.000000,	0.016921 ;
 2;	50;	1;	2048;		3800.000000,	0.016859 ;
 3;	50;	1;	2048;		3800.000000,	0.017089 ;
 4;	50;	1;	2048;		3800.000000,	0.017064 ;
 0;	50;	1;	4096;		3800.000000,	0.028032 ;
 1;	50;	1;	4096;		3800.000000,	0.027815 ;
 2;	50;	1;	4096;		3800.000000,	0.028024 ;
 3;	50;	1;	4096;		3800.000000,	0.027793 ;
 4;	50;	1;	4096;		3800.000000,	0.028008 ;
 0;	50;	1;	8192;		3800.000000,	0.050641 ;
 1;	50;	1;	8192;		3800.000000,	0.050487 ;
 2;	50;	1;	8192;		3800.000000,	0.050554 ;
 3;	50;	1;	8192;		3800.000000,	0.050593 ;
 4;	50;	1;	8192;		3800.000000,	0.050786 ;
 End Of Execution 
