
 ACO - Begin Of Execution
 run;	iter;	prob;	col size;	Fitness;	Total Time ;
 0;	50;	5;	1024;		12400.000000,	0.336724 ;
 1;	50;	5;	1024;		12400.000000,	0.112321 ;
 2;	50;	5;	1024;		12400.000000,	0.114502 ;
 3;	50;	5;	1024;		12400.000000,	0.111624 ;
 4;	50;	5;	1024;		12400.000000,	0.111766 ;
 0;	50;	5;	2048;		12400.000000,	0.122377 ;
 1;	50;	5;	2048;		12400.000000,	0.118454 ;
 2;	50;	5;	2048;		12400.000000,	0.117288 ;
 3;	50;	5;	2048;		12400.000000,	0.124897 ;
 4;	50;	5;	2048;		12400.000000,	0.128855 ;
 0;	50;	5;	4096;		12400.000000,	0.133784 ;
 1;	50;	5;	4096;		12400.000000,	0.136316 ;
 2;	50;	5;	4096;		12400.000000,	0.139084 ;
 3;	50;	5;	4096;		12400.000000,	0.132883 ;
 4;	50;	5;	4096;		12400.000000,	0.130974 ;
 0;	50;	5;	8192;		12400.000000,	0.185354 ;
 1;	50;	5;	8192;		12400.000000,	0.181541 ;
 2;	50;	5;	8192;		12400.000000,	0.171341 ;
 3;	50;	5;	8192;		12400.000000,	0.180002 ;
 4;	50;	5;	8192;		12400.000000,	0.183362 ;
 End Of Execution 
