
 ACO - Begin Of Execution
 run;	iter;	prob;	col size;	Fitness;	Total Time ;
 0;	50;	6;	1024;		10581.000000,	0.398538 ;
 1;	50;	6;	1024;		10581.000000,	0.154667 ;
 2;	50;	6;	1024;		10587.000000,	0.156607 ;
 3;	50;	6;	1024;		10587.000000,	0.152634 ;
 4;	50;	6;	1024;		10587.000000,	0.153246 ;
 0;	50;	6;	2048;		10602.000000,	0.160932 ;
 1;	50;	6;	2048;		10602.000000,	0.160801 ;
 2;	50;	6;	2048;		10602.000000,	0.160902 ;
 3;	50;	6;	2048;		10602.000000,	0.161319 ;
 4;	50;	6;	2048;		10601.000000,	0.160107 ;
 0;	50;	6;	4096;		10605.000000,	0.174016 ;
 1;	50;	6;	4096;		10605.000000,	0.173704 ;
 2;	50;	6;	4096;		10605.000000,	0.173237 ;
 3;	50;	6;	4096;		10605.000000,	0.173006 ;
 4;	50;	6;	4096;		10605.000000,	0.173205 ;
 0;	50;	6;	8192;		10618.000000,	0.241046 ;
 1;	50;	6;	8192;		10618.000000,	0.244298 ;
 2;	50;	6;	8192;		10618.000000,	0.244226 ;
 3;	50;	6;	8192;		10618.000000,	0.241048 ;
 4;	50;	6;	8192;		10618.000000,	0.241669 ;
 End Of Execution 
