
 ACO - Begin Of Execution
 run;	iter;	prob;	col size;	Fitness;	Total Time ;
 0;	50;	7;	1024;		16537.000000,	0.462980 ;
 1;	50;	7;	1024;		16537.000000,	0.251606 ;
 2;	50;	7;	1024;		16537.000000,	0.254563 ;
 3;	50;	7;	1024;		16537.000000,	0.251576 ;
 4;	50;	7;	1024;		16496.000000,	0.251365 ;
 0;	50;	7;	2048;		16510.000000,	0.261391 ;
 1;	50;	7;	2048;		16510.000000,	0.257866 ;
 2;	50;	7;	2048;		16510.000000,	0.259111 ;
 3;	50;	7;	2048;		16501.000000,	0.264045 ;
 4;	50;	7;	2048;		16501.000000,	0.263429 ;
 0;	50;	7;	4096;		16499.000000,	0.278666 ;
 1;	50;	7;	4096;		16521.000000,	0.275164 ;
 2;	50;	7;	4096;		16521.000000,	0.277376 ;
 3;	50;	7;	4096;		16521.000000,	0.275470 ;
 4;	50;	7;	4096;		16521.000000,	0.273754 ;
 0;	50;	7;	8192;		16524.000000,	0.367497 ;
 1;	50;	7;	8192;		16524.000000,	0.369231 ;
 2;	50;	7;	8192;		16524.000000,	0.367100 ;
 3;	50;	7;	8192;		16518.000000,	0.371744 ;
 4;	50;	7;	8192;		16518.000000,	0.361372 ;
 End Of Execution 
