
 ACO - Begin Of Execution
 run;	iter;	prob;	col size;	Fitness;	Total Time ;
 0;	50;	2;	1024;		8706.100000,	0.221504 ;
 1;	50;	2;	1024;		8706.100000,	0.018630 ;
 2;	50;	2;	1024;		8706.100000,	0.018368 ;
 3;	50;	2;	1024;		8706.100000,	0.018335 ;
 4;	50;	2;	1024;		8706.100000,	0.018951 ;
 0;	50;	2;	2048;		8706.100000,	0.024355 ;
 1;	50;	2;	2048;		8706.100000,	0.023963 ;
 2;	50;	2;	2048;		8706.100000,	0.023870 ;
 3;	50;	2;	2048;		8706.100000,	0.023773 ;
 4;	50;	2;	2048;		8706.100000,	0.024133 ;
 0;	50;	2;	4096;		8706.100000,	0.035453 ;
 1;	50;	2;	4096;		8706.100000,	0.035413 ;
 2;	50;	2;	4096;		8706.100000,	0.035394 ;
 3;	50;	2;	4096;		8706.100000,	0.035272 ;
 4;	50;	2;	4096;		8706.100000,	0.035406 ;
 0;	50;	2;	8192;		8706.100000,	0.059051 ;
 1;	50;	2;	8192;		8706.100000,	0.059069 ;
 2;	50;	2;	8192;		8706.100000,	0.059792 ;
 3;	50;	2;	8192;		8706.100000,	0.058971 ;
 4;	50;	2;	8192;		8706.100000,	0.059397 ;
 End Of Execution 
