
 ACO - Begin Of Execution
 run;	iter;	prob;	col size;	Fitness;	Total Time ;
 0;	50;	3;	1024;		4015.000000,	0.266704 ;
 1;	50;	3;	1024;		4015.000000,	0.042180 ;
 2;	50;	3;	1024;		4015.000000,	0.038929 ;
 3;	50;	3;	1024;		4015.000000,	0.039314 ;
 4;	50;	3;	1024;		4015.000000,	0.038994 ;
 0;	50;	3;	2048;		4015.000000,	0.044812 ;
 1;	50;	3;	2048;		4015.000000,	0.044424 ;
 2;	50;	3;	2048;		4015.000000,	0.045155 ;
 3;	50;	3;	2048;		4015.000000,	0.044635 ;
 4;	50;	3;	2048;		4015.000000,	0.045266 ;
 0;	50;	3;	4096;		4015.000000,	0.063091 ;
 1;	50;	3;	4096;		4015.000000,	0.056487 ;
 2;	50;	3;	4096;		4015.000000,	0.056618 ;
 3;	50;	3;	4096;		4015.000000,	0.065393 ;
 4;	50;	3;	4096;		4015.000000,	0.054791 ;
 0;	50;	3;	8192;		4015.000000,	0.086653 ;
 1;	50;	3;	8192;		4015.000000,	0.082971 ;
 2;	50;	3;	8192;		4015.000000,	0.082188 ;
 3;	50;	3;	8192;		4015.000000,	0.081651 ;
 4;	50;	3;	8192;		4015.000000,	0.083569 ;
 End Of Execution 
