
 ACO - Begin Of Execution
 run;	iter;	prob;	col size;	Fitness;	Total Time ;
 0;	50;	4;	1024;		6120.000000,	0.372475 ;
 1;	50;	4;	1024;		6120.000000,	0.056769 ;
 2;	50;	4;	1024;		6120.000000,	0.057192 ;
 3;	50;	4;	1024;		6120.000000,	0.057565 ;
 4;	50;	4;	1024;		6120.000000,	0.056828 ;
 0;	50;	4;	2048;		6120.000000,	0.062936 ;
 1;	50;	4;	2048;		6120.000000,	0.062588 ;
 2;	50;	4;	2048;		6120.000000,	0.063876 ;
 3;	50;	4;	2048;		6120.000000,	0.065081 ;
 4;	50;	4;	2048;		6120.000000,	0.062974 ;
 0;	50;	4;	4096;		6120.000000,	0.074964 ;
 1;	50;	4;	4096;		6120.000000,	0.078884 ;
 2;	50;	4;	4096;		6120.000000,	0.075205 ;
 3;	50;	4;	4096;		6120.000000,	0.079703 ;
 4;	50;	4;	4096;		6120.000000,	0.075072 ;
 0;	50;	4;	8192;		6120.000000,	0.108571 ;
 1;	50;	4;	8192;		6120.000000,	0.109581 ;
 2;	50;	4;	8192;		6120.000000,	0.106677 ;
 3;	50;	4;	8192;		6120.000000,	0.106330 ;
 4;	50;	4;	8192;		6120.000000,	0.104635 ;
 End Of Execution 
