
 ACO - Begin Of Execution
 run; iterations; problem; colony size; Setup rand Kernel; read map; Distance Kernel; Iroulete ; Route ; Pheromone; Best Check;  Copy Data; Total Time ;
 0; 15; 7; 1024; 0.00253; 0.04470; 0.00014; 0.00515;  0.17673; 0.00055;  0.00055; 0.00007 ;  50226.879025 ; 2.847358 ;
 1; 15; 7; 1024; 0.00008; 0.00149; 0.00010; 0.00350;  0.17418; 0.00054;  0.00054; 0.00004 ;  50034.365323 ; 2.630457 ;
 2; 15; 7; 1024; 0.00007; 0.00148; 0.00010; 0.00350;  0.17428; 0.00054;  0.00054; 0.00002 ;  50679.010822 ; 2.632015 ;
 3; 15; 7; 1024; 0.00007; 0.00148; 0.00010; 0.00352;  0.17438; 0.00054;  0.00054; 0.00002 ;  50483.178122 ; 2.633308 ;
 4; 15; 7; 1024; 0.00007; 0.00144; 0.00010; 0.00350;  0.17426; 0.00055;  0.00055; 0.00006 ;  50347.057833 ; 2.631596 ;
 0; 15; 7; 2048; 0.00008; 0.00140; 0.00010; 0.00351;  0.17513; 0.00104;  0.00104; 0.00002 ;  50864.337859 ; 2.653715 ;
 1; 15; 7; 2048; 0.00009; 0.00144; 0.00010; 0.00350;  0.17513; 0.00104;  0.00104; 0.00004 ;  49385.068889 ; 2.653925 ;
 2; 15; 7; 2048; 0.00008; 0.00142; 0.00010; 0.00350;  0.17526; 0.00104;  0.00104; 0.00002 ;  49751.282679 ; 2.655644 ;
 3; 15; 7; 2048; 0.00008; 0.00141; 0.00010; 0.00350;  0.17595; 0.00104;  0.00104; 0.00002 ;  49912.154800 ; 2.666264 ;
 4; 15; 7; 2048; 0.00008; 0.00143; 0.00010; 0.00352;  0.17684; 0.00105;  0.00105; 0.00005 ;  50276.544661 ; 2.679582 ;
 0; 15; 7; 4096; 0.00009; 0.00144; 0.00010; 0.00353;  0.20306; 0.00204;  0.00204; 0.00002 ;  50379.436888 ; 3.102995 ;
 1; 15; 7; 4096; 0.00009; 0.00146; 0.00010; 0.00352;  0.20310; 0.00204;  0.00204; 0.00003 ;  49765.939789 ; 3.091722 ;
 2; 15; 7; 4096; 0.00009; 0.00146; 0.00010; 0.00353;  0.20454; 0.00205;  0.00205; 0.00002 ;  50455.730162 ; 3.113698 ;
 3; 15; 7; 4096; 0.00009; 0.00145; 0.00010; 0.00355;  0.20472; 0.00206;  0.00206; 0.00005 ;  48969.628923 ; 3.116423 ;
 4; 15; 7; 4096; 0.00009; 0.00141; 0.00010; 0.00355;  0.20500; 0.00206;  0.00206; 0.00003 ;  49584.655479 ; 3.121354 ;
 0; 15; 7; 8192; 0.00010; 0.00137; 0.00010; 0.00355;  0.37122; 0.00407;  0.00407; 0.00003 ;  48708.815423 ; 5.651908 ;
 1; 15; 7; 8192; 0.00010; 0.00142; 0.00011; 0.00357;  0.37450; 0.00407;  0.00407; 0.00003 ;  49970.459521 ; 5.701778 ;
 2; 15; 7; 8192; 0.00011; 0.00133; 0.00011; 0.00358;  0.37204; 0.00409;  0.00409; 0.00005 ;  48949.007130 ; 5.664985 ;
 3; 15; 7; 8192; 0.00010; 0.00134; 0.00010; 0.00357;  0.37521; 0.00410;  0.00410; 0.00003 ;  49014.845471 ; 5.712814 ;
 4; 15; 7; 8192; 0.00011; 0.00282; 0.00011; 0.00358;  0.37468; 0.00414;  0.00414; 0.00003 ;  49261.265262 ; 5.706997 ;
 End Of Execution 
