
 ACO - Begin Of Execution
 run; iterations; problem; colony size; Setup rand Kernel; read map; Distance Kernel; Iroulete ; Route ; Pheromone; Best Check;  Copy Data; Total Time ;
 0; 15; 1; 1024; 0.00253; 0.00292; 0.00002; 0.00054;  0.00906; 0.00004;  0.00004; 0.00002 ;  6659.431533 ; 0.293535 ;
 1; 15; 1; 1024; 0.00009; 0.00012; 0.00002; 0.00052;  0.00684; 0.00003;  0.00003; 0.00002 ;  6659.431533 ; 0.105936 ;
 2; 15; 1; 1024; 0.00007; 0.00011; 0.00002; 0.00039;  0.00658; 0.00003;  0.00003; 0.00002 ;  6659.431533 ; 0.102052 ;
 3; 15; 1; 1024; 0.00006; 0.00013; 0.00002; 0.00039;  0.00650; 0.00003;  0.00003; 0.00002 ;  6659.431533 ; 0.100518 ;
 4; 15; 1; 1024; 0.00007; 0.00011; 0.00002; 0.00039;  0.00649; 0.00003;  0.00003; 0.00002 ;  6659.431533 ; 0.100666 ;
 0; 15; 1; 2048; 0.00007; 0.00011; 0.00002; 0.00039;  0.00653; 0.00004;  0.00004; 0.00002 ;  6659.431533 ; 0.102893 ;
 1; 15; 1; 2048; 0.00007; 0.00012; 0.00002; 0.00038;  0.00653; 0.00004;  0.00004; 0.00002 ;  6659.431533 ; 0.103038 ;
 2; 15; 1; 2048; 0.00007; 0.00012; 0.00002; 0.00039;  0.00651; 0.00004;  0.00004; 0.00002 ;  6659.431533 ; 0.102867 ;
 3; 15; 1; 2048; 0.00007; 0.00012; 0.00002; 0.00039;  0.00654; 0.00004;  0.00004; 0.00002 ;  6659.431533 ; 0.103267 ;
 4; 15; 1; 2048; 0.00007; 0.00012; 0.00002; 0.00039;  0.00652; 0.00004;  0.00004; 0.00002 ;  6659.431533 ; 0.103138 ;
 0; 15; 1; 4096; 0.00008; 0.00011; 0.00002; 0.00039;  0.00662; 0.00007;  0.00007; 0.00002 ;  6660.427163 ; 0.108322 ;
 1; 15; 1; 4096; 0.00009; 0.00012; 0.00002; 0.00039;  0.00661; 0.00007;  0.00007; 0.00002 ;  6660.427163 ; 0.108203 ;
 2; 15; 1; 4096; 0.00009; 0.00012; 0.00002; 0.00039;  0.00662; 0.00007;  0.00007; 0.00002 ;  6660.427163 ; 0.108409 ;
 3; 15; 1; 4096; 0.00009; 0.00012; 0.00002; 0.00039;  0.00660; 0.00007;  0.00007; 0.00002 ;  6660.427163 ; 0.108139 ;
 4; 15; 1; 4096; 0.00009; 0.00012; 0.00002; 0.00039;  0.00662; 0.00007;  0.00007; 0.00002 ;  6660.427163 ; 0.108351 ;
 0; 15; 1; 8192; 0.00010; 0.00012; 0.00002; 0.00039;  0.00958; 0.00013;  0.00013; 0.00003 ;  6659.431533 ; 0.160449 ;
 1; 15; 1; 8192; 0.00010; 0.00013; 0.00002; 0.00039;  0.00964; 0.00013;  0.00013; 0.00007 ;  6659.431533 ; 0.182458 ;
 2; 15; 1; 8192; 0.00010; 0.00014; 0.00002; 0.00039;  0.00955; 0.00013;  0.00013; 0.00003 ;  6659.431533 ; 0.160246 ;
 3; 15; 1; 8192; 0.00010; 0.00012; 0.00002; 0.00039;  0.00965; 0.00013;  0.00013; 0.00002 ;  6659.431533 ; 0.161529 ;
 4; 15; 1; 8192; 0.00010; 0.00012; 0.00002; 0.00039;  0.00955; 0.00013;  0.00013; 0.00002 ;  6659.431533 ; 0.159945 ;
 End Of Execution 
