
 ACO - Begin Of Execution
 run; iterations; problem; colony size; Setup rand Kernel; read map; Distance Kernel; Iroulete ; Route ; Pheromone; Best Check;  Copy Data; Total Time ;
 0; 15; 3; 1024; 0.00254; 0.00153; 0.00007; 0.00298;  0.06964; 0.00025;  0.00025; 0.00002 ;  10980.141362 ; 1.195201 ;
 1; 15; 3; 1024; 0.00008; 0.00074; 0.00005; 0.00206;  0.06591; 0.00025;  0.00025; 0.00006 ;  11149.606775 ; 0.998712 ;
 2; 15; 3; 1024; 0.00007; 0.00077; 0.00005; 0.00206;  0.06603; 0.00024;  0.00024; 0.00002 ;  10934.736269 ; 1.000430 ;
 3; 15; 3; 1024; 0.00007; 0.00072; 0.00005; 0.00206;  0.06620; 0.00024;  0.00024; 0.00002 ;  10984.567777 ; 1.002565 ;
 4; 15; 3; 1024; 0.00007; 0.00073; 0.00005; 0.00205;  0.06578; 0.00024;  0.00024; 0.00002 ;  10902.369670 ; 0.996540 ;
 0; 15; 3; 2048; 0.00009; 0.00078; 0.00005; 0.00205;  0.06651; 0.00046;  0.00046; 0.00005 ;  10473.925590 ; 1.012460 ;
 1; 15; 3; 2048; 0.00008; 0.00074; 0.00005; 0.00206;  0.06632; 0.00046;  0.00046; 0.00005 ;  10852.969974 ; 1.009816 ;
 2; 15; 3; 2048; 0.00008; 0.00076; 0.00006; 0.00206;  0.06625; 0.00046;  0.00046; 0.00002 ;  10886.732575 ; 1.008842 ;
 3; 15; 3; 2048; 0.00008; 0.00069; 0.00005; 0.00206;  0.06627; 0.00046;  0.00046; 0.00002 ;  10738.504508 ; 1.009070 ;
 4; 15; 3; 2048; 0.00008; 0.00074; 0.00005; 0.00205;  0.06626; 0.00046;  0.00046; 0.00002 ;  10942.943410 ; 1.008892 ;
 0; 15; 3; 4096; 0.00008; 0.00075; 0.00005; 0.00206;  0.07360; 0.00089;  0.00089; 0.00002 ;  10585.985612 ; 1.128600 ;
 1; 15; 3; 4096; 0.00009; 0.00068; 0.00005; 0.00206;  0.07345; 0.00089;  0.00089; 0.00005 ;  10702.751252 ; 1.129735 ;
 2; 15; 3; 4096; 0.00009; 0.00074; 0.00005; 0.00206;  0.07339; 0.00089;  0.00089; 0.00002 ;  10960.108775 ; 1.125547 ;
 3; 15; 3; 4096; 0.00009; 0.00072; 0.00005; 0.00206;  0.07349; 0.00089;  0.00089; 0.00002 ;  10556.166591 ; 1.127058 ;
 4; 15; 3; 4096; 0.00009; 0.00074; 0.00005; 0.00206;  0.07356; 0.00089;  0.00089; 0.00002 ;  10812.230678 ; 1.127916 ;
 0; 15; 3; 8192; 0.00011; 0.00073; 0.00005; 0.00206;  0.11954; 0.00177;  0.00177; 0.00005 ;  10693.566656 ; 1.838447 ;
 1; 15; 3; 8192; 0.00011; 0.00068; 0.00005; 0.00208;  0.11933; 0.00176;  0.00176; 0.00002 ;  10567.592580 ; 1.834828 ;
 2; 15; 3; 8192; 0.00010; 0.00067; 0.00005; 0.00207;  0.11953; 0.00176;  0.00176; 0.00002 ;  10981.670155 ; 1.837625 ;
 3; 15; 3; 8192; 0.00011; 0.00074; 0.00005; 0.00207;  0.11936; 0.00176;  0.00176; 0.00002 ;  10870.104095 ; 1.835532 ;
 4; 15; 3; 8192; 0.00011; 0.00069; 0.00005; 0.00207;  0.11980; 0.00177;  0.00177; 0.00002 ;  10905.426773 ; 1.842021 ;
 End Of Execution 
