
 ACO - Begin Of Execution
 run; iterations; problem; colony size; Setup rand Kernel; read map; Distance Kernel; Iroulete ; Route ; Pheromone; Best Check;  Copy Data; Total Time ;
 0; 15; 12; 1024; 0.00253; 0.06773; 0.00079; 0.01468;  1.29641; 0.00340;  0.00340; 0.00008 ;  11427.895050 ; 19.719783 ;
 1; 15; 12; 1024; 0.00009; 0.00757; 0.00057; 0.01039;  1.30766; 0.00343;  0.00343; 0.00007 ;  11294.223621 ; 19.696456 ;
 2; 15; 12; 1024; 0.00008; 0.01084; 0.00057; 0.01039;  1.31128; 0.00345;  0.00345; 0.00008 ;  11455.819748 ; 19.752999 ;
 3; 15; 12; 1024; 0.00008; 0.00647; 0.00058; 0.01047;  1.31314; 0.00345;  0.00345; 0.00006 ;  11511.530166 ; 19.776199 ;
 4; 15; 12; 1024; 0.00008; 0.00745; 0.00058; 0.01048;  1.32161; 0.00347;  0.00347; 0.00006 ;  11403.531137 ; 19.904342 ;
 0; 15; 12; 2048; 0.00009; 0.00709; 0.00058; 0.01051;  1.34054; 0.00669;  0.00669; 0.00005 ;  11377.534129 ; 20.238516 ;
 1; 15; 12; 2048; 0.00009; 0.00653; 0.00058; 0.01052;  1.34575; 0.00669;  0.00669; 0.00003 ;  11316.741364 ; 20.316940 ;
 2; 15; 12; 2048; 0.00009; 0.00701; 0.00058; 0.01052;  1.34232; 0.00670;  0.00670; 0.00009 ;  11339.601032 ; 20.291457 ;
 3; 15; 12; 2048; 0.00009; 0.00736; 0.00058; 0.01055;  1.34396; 0.00671;  0.00671; 0.00005 ;  11388.915129 ; 20.291325 ;
 4; 15; 12; 2048; 0.00009; 0.00799; 0.00058; 0.01052;  1.35171; 0.00673;  0.00673; 0.00006 ;  11306.566932 ; 20.410320 ;
 0; 15; 12; 4096; 0.00010; 0.00656; 0.00058; 0.01058;  1.62340; 0.01339;  0.01339; 0.00006 ;  11394.342434 ; 24.588645 ;
 1; 15; 12; 4096; 0.00010; 0.00720; 0.00065; 0.01191;  1.63929; 0.01341;  0.01341; 0.00004 ;  11242.646053 ; 24.826577 ;
 2; 15; 12; 4096; 0.00009; 0.00721; 0.00059; 0.01081;  1.64157; 0.01346;  0.01346; 0.00005 ;  11328.927784 ; 24.861489 ;
 3; 15; 12; 4096; 0.00010; 0.00617; 0.00058; 0.01060;  1.62641; 0.01333;  0.01333; 0.00006 ;  11243.514231 ; 24.631133 ;
 4; 15; 12; 4096; 0.00010; 0.00737; 0.00060; 0.01096;  1.63194; 0.01341;  0.01341; 0.00004 ;  11311.294841 ; 24.715293 ;
 0; 15; 12; 8192; 0.00012; 0.00746; 0.00058; 0.01061;  3.90182; 0.02658;  0.02658; 0.00045 ;  11233.584903 ; 58.970125 ;
 1; 15; 12; 8192; 0.00011; 0.00654; 0.00058; 0.01054;  3.90707; 0.02654;  0.02654; 0.00005 ;  11019.531064 ; 59.049642 ;
 2; 15; 12; 8192; 0.00014; 0.00596; 0.00065; 0.01227;  3.91746; 0.02644;  0.02644; 0.00006 ;  11218.218980 ; 59.203320 ;
 3; 15; 12; 8192; 0.00012; 0.00687; 0.00058; 0.01063;  3.92614; 0.02653;  0.02653; 0.00006 ;  11228.995512 ; 59.332595 ;
 4; 15; 12; 8192; 0.00011; 0.00672; 0.00066; 0.01218;  3.93158; 0.02640;  0.02640; 0.00006 ;  11194.473171 ; 59.414860 ;
 End Of Execution 
