
 ACO - Begin Of Execution
 run; iterations; problem; colony size; Setup rand Kernel; read map; Distance Kernel; Iroulete ; Route ; Pheromone; Best Check;  Copy Data; Total Time ;
 0; 15; 4; 1024; 0.00261; 0.00307; 0.00013; 0.00439;  0.13083; 0.00045;  0.00045; 0.00008 ;  3151.839913 ; 2.138639 ;
 1; 15; 4; 1024; 0.00008; 0.00165; 0.00010; 0.00305;  0.12736; 0.00046;  0.00046; 0.00005 ;  3186.600989 ; 1.927329 ;
 2; 15; 4; 1024; 0.00008; 0.00190; 0.00035; 0.00305;  0.12713; 0.00054;  0.00054; 0.00007 ;  3167.641052 ; 1.925370 ;
 3; 15; 4; 1024; 0.00008; 0.00168; 0.00010; 0.00305;  0.12771; 0.00045;  0.00045; 0.00005 ;  3168.909888 ; 1.932742 ;
 4; 15; 4; 1024; 0.00008; 0.00161; 0.00010; 0.00317;  0.12763; 0.00044;  0.00044; 0.00004 ;  3194.629352 ; 1.930915 ;
 0; 15; 4; 2048; 0.00010; 0.00161; 0.00010; 0.00305;  0.12807; 0.00086;  0.00086; 0.00022 ;  3105.076026 ; 1.945813 ;
 1; 15; 4; 2048; 0.00010; 0.00155; 0.00011; 0.00306;  0.12873; 0.00083;  0.00083; 0.00008 ;  3121.490121 ; 1.955175 ;
 2; 15; 4; 2048; 0.00009; 0.00154; 0.00010; 0.00305;  0.12838; 0.00095;  0.00095; 0.00007 ;  3119.836545 ; 1.952498 ;
 3; 15; 4; 2048; 0.00009; 0.00155; 0.00010; 0.00310;  0.12936; 0.00105;  0.00105; 0.00007 ;  3162.472327 ; 1.967805 ;
 4; 15; 4; 2048; 0.00009; 0.00162; 0.00010; 0.00307;  0.12917; 0.00084;  0.00084; 0.00007 ;  3186.741700 ; 1.962012 ;
 0; 15; 4; 4096; 0.00010; 0.00156; 0.00010; 0.00307;  0.15488; 0.00173;  0.00173; 0.00003 ;  3170.850790 ; 2.364766 ;
 1; 15; 4; 4096; 0.00010; 0.00185; 0.00010; 0.00307;  0.15507; 0.00164;  0.00164; 0.00007 ;  3151.070127 ; 2.366746 ;
 2; 15; 4; 4096; 0.00011; 0.00160; 0.00010; 0.00307;  0.15522; 0.00180;  0.00180; 0.00003 ;  3053.996118 ; 2.370245 ;
 3; 15; 4; 4096; 0.00037; 0.00182; 0.00010; 0.00308;  0.15491; 0.00162;  0.00162; 0.00003 ;  3186.220770 ; 2.363124 ;
 4; 15; 4; 4096; 0.00010; 0.00154; 0.00010; 0.00308;  0.15491; 0.00163;  0.00163; 0.00007 ;  3147.482694 ; 2.362838 ;
 0; 15; 4; 8192; 0.00016; 0.00268; 0.00011; 0.00309;  0.27241; 0.00322;  0.00322; 0.00006 ;  3123.038426 ; 4.160807 ;
 1; 15; 4; 8192; 0.00011; 0.00171; 0.00010; 0.00310;  0.27269; 0.00327;  0.00327; 0.00004 ;  3060.316180 ; 4.164613 ;
 2; 15; 4; 8192; 0.00012; 0.00156; 0.00010; 0.00310;  0.27252; 0.00329;  0.00329; 0.00009 ;  3055.667328 ; 4.159567 ;
 3; 15; 4; 8192; 0.00013; 0.00280; 0.00011; 0.00315;  0.27408; 0.00340;  0.00340; 0.00003 ;  3061.916146 ; 4.195576 ;
 4; 15; 4; 8192; 0.00012; 0.00495; 0.00010; 0.00312;  0.27409; 0.00324;  0.00324; 0.00004 ;  3096.424213 ; 4.186138 ;
 End Of Execution 
