
 ACO - Begin Of Execution
 run; iterations; problem; colony size; Setup rand Kernel; read map; Distance Kernel; Iroulete ; Route ; Pheromone; Best Check;  Copy Data; Total Time ;
 0; 15; 8; 1024; 0.00253; 0.01889; 0.00027; 0.00707;  0.32334; 0.00106;  0.00106; 0.00006 ;  64780.184872 ; 5.031410 ;
 1; 15; 8; 1024; 0.00008; 0.00275; 0.00019; 0.00502;  0.31985; 0.00105;  0.00105; 0.00005 ;  63656.758095 ; 4.827408 ;
 2; 15; 8; 1024; 0.00008; 0.00278; 0.00019; 0.00501;  0.32036; 0.00106;  0.00106; 0.00005 ;  63809.080223 ; 4.835206 ;
 3; 15; 8; 1024; 0.00008; 0.00271; 0.00019; 0.00508;  0.32305; 0.00106;  0.00106; 0.00005 ;  62923.183355 ; 4.875745 ;
 4; 15; 8; 1024; 0.00008; 0.00265; 0.00020; 0.00505;  0.32181; 0.00106;  0.00106; 0.00002 ;  62609.653364 ; 4.856956 ;
 0; 15; 8; 2048; 0.00015; 0.00301; 0.00020; 0.00506;  0.32650; 0.00204;  0.00204; 0.00007 ;  62694.766848 ; 4.945938 ;
 1; 15; 8; 2048; 0.00010; 0.00265; 0.00020; 0.00507;  0.32912; 0.00206;  0.00206; 0.00003 ;  62210.329457 ; 4.984280 ;
 2; 15; 8; 2048; 0.00009; 0.00422; 0.00020; 0.00510;  0.32848; 0.00206;  0.00206; 0.00003 ;  63484.636392 ; 4.976457 ;
 3; 15; 8; 2048; 0.00009; 0.00306; 0.00020; 0.00509;  0.32728; 0.00207;  0.00207; 0.00016 ;  63544.163269 ; 4.957566 ;
 4; 15; 8; 2048; 0.00009; 0.00282; 0.00021; 0.00512;  0.32950; 0.00206;  0.00206; 0.00005 ;  64024.852399 ; 4.990636 ;
 0; 15; 8; 4096; 0.00009; 0.00273; 0.00020; 0.00511;  0.38029; 0.00403;  0.00403; 0.00003 ;  63982.448791 ; 5.785311 ;
 1; 15; 8; 4096; 0.00009; 0.00268; 0.00019; 0.00509;  0.38083; 0.00405;  0.00405; 0.00006 ;  62375.937540 ; 5.793246 ;
 2; 15; 8; 4096; 0.00010; 0.00279; 0.00020; 0.00516;  0.38267; 0.00406;  0.00406; 0.00003 ;  63093.758096 ; 5.827403 ;
 3; 15; 8; 4096; 0.00009; 0.00270; 0.00020; 0.00516;  0.38304; 0.00406;  0.00406; 0.00003 ;  62316.025805 ; 5.827072 ;
 4; 15; 8; 4096; 0.00010; 0.00264; 0.00020; 0.00517;  0.38226; 0.00407;  0.00407; 0.00007 ;  64182.128850 ; 5.814911 ;
 0; 15; 8; 8192; 0.00010; 0.00278; 0.00020; 0.00516;  0.90566; 0.00810;  0.00810; 0.00007 ;  63321.968507 ; 13.735455 ;
 1; 15; 8; 8192; 0.00011; 0.00280; 0.00020; 0.00518;  0.90853; 0.00811;  0.00811; 0.00004 ;  61834.165849 ; 13.778972 ;
 2; 15; 8; 8192; 0.00011; 0.00428; 0.00020; 0.00523;  0.90928; 0.00819;  0.00819; 0.00008 ;  63211.272599 ; 13.792980 ;
 3; 15; 8; 8192; 0.00011; 0.00291; 0.00020; 0.00521;  0.91510; 0.00819;  0.00819; 0.00004 ;  62517.616680 ; 13.878364 ;
 4; 15; 8; 8192; 0.00011; 0.00285; 0.00020; 0.00523;  0.91021; 0.00819;  0.00819; 0.00008 ;  63137.522805 ; 13.805076 ;
 End Of Execution 
