
 ACO - Begin Of Execution
 run; iterations; problem; colony size; Setup rand Kernel; read map; Distance Kernel; Iroulete ; Route ; Pheromone; Best Check;  Copy Data; Total Time ;
 0; 15; 9; 1024; 0.00256; 0.01599; 0.00173; 0.04101;  3.71817; 0.00730;  0.00730; 0.00008 ;  77417.828864 ; 56.142686 ;
 0; 15; 9; 1024; 0.00256; 0.01599; 0.00173; 0.04101;  3.71817; 0.00730;  0.00730; 0.00008 ;  77417.828864 ; 56.142686 ;
 0; 15; 9; 1024; 0.00256; 0.01599; 0.00173; 0.04101;  3.71817; 0.00730;  0.00730; 0.00008 ;  77417.828864 ; 56.142686 ;
 0; 15; 9; 1024; 0.00256; 0.01599; 0.00173; 0.04101;  3.71817; 0.00730;  0.00730; 0.00008 ;  77417.828864 ; 56.142686 ;
 0; 15; 9; 1024; 0.00256; 0.01599; 0.00173; 0.04101;  3.71817; 0.00730;  0.00730; 0.00008 ;  77417.828864 ; 56.142686 ;
 0; 15; 9; 2048; 0.00009; 0.01507; 0.00124; 0.02923;  3.78169; 0.01444;  0.01444; 0.00006 ;  77418.757283 ; 57.006089 ;
 0; 15; 9; 2048; 0.00009; 0.01507; 0.00124; 0.02923;  3.78169; 0.01444;  0.01444; 0.00006 ;  77418.757283 ; 57.006089 ;
 0; 15; 9; 2048; 0.00009; 0.01507; 0.00124; 0.02923;  3.78169; 0.01444;  0.01444; 0.00006 ;  77418.757283 ; 57.006089 ;
 0; 15; 9; 2048; 0.00009; 0.01507; 0.00124; 0.02923;  3.78169; 0.01444;  0.01444; 0.00006 ;  77418.757283 ; 57.006089 ;
 0; 15; 9; 2048; 0.00009; 0.01507; 0.00124; 0.02923;  3.78169; 0.01444;  0.01444; 0.00006 ;  77418.757283 ; 57.006089 ;
 0; 15; 9; 4096; 0.00010; 0.01480; 0.00124; 0.02953;  4.75020; 0.02899;  0.02899; 0.00007 ;  77042.666187 ; 71.756943 ;
 0; 15; 9; 4096; 0.00010; 0.01480; 0.00124; 0.02953;  4.75020; 0.02899;  0.02899; 0.00007 ;  77042.666187 ; 71.756943 ;
 0; 15; 9; 4096; 0.00010; 0.01480; 0.00124; 0.02953;  4.75020; 0.02899;  0.02899; 0.00007 ;  77042.666187 ; 71.756943 ;
 0; 15; 9; 4096; 0.00010; 0.01480; 0.00124; 0.02953;  4.75020; 0.02899;  0.02899; 0.00007 ;  77042.666187 ; 71.756943 ;
 0; 15; 9; 4096; 0.00010; 0.01480; 0.00124; 0.02953;  4.75020; 0.02899;  0.02899; 0.00007 ;  77042.666187 ; 71.756943 ;
 0; 15; 9; 8192; 0.00011; 0.01347; 0.00127; 0.02988;  11.21717; 0.05811;  0.05811; 0.00008 ;  75489.119227 ; 169.205375 ;
 0; 15; 9; 8192; 0.00011; 0.01347; 0.00127; 0.02988;  11.21717; 0.05811;  0.05811; 0.00008 ;  75489.119227 ; 169.205375 ;
 0; 15; 9; 8192; 0.00011; 0.01347; 0.00127; 0.02988;  11.21717; 0.05811;  0.05811; 0.00008 ;  75489.119227 ; 169.205375 ;
 0; 15; 9; 8192; 0.00011; 0.01347; 0.00127; 0.02988;  11.21717; 0.05811;  0.05811; 0.00008 ;  75489.119227 ; 169.205375 ;
 0; 15; 9; 8192; 0.00011; 0.01347; 0.00127; 0.02988;  11.21717; 0.05811;  0.05811; 0.00008 ;  75489.119227 ; 169.205375 ;
 End Of Execution 
