
 ACO - Begin Of Execution
 run; iterations; problem; colony size; Setup rand Kernel; read map; Distance Kernel; Iroulete ; Route ; Pheromone; Best Check;  Copy Data; Total Time ;
 0; 15; 11; 1024; 0.00257; 0.09670; 0.00669; 0.12805;  27.96455; 0.02928;  0.02928; 0.00008 ;  515660.765412 ; 420.327309 ;
 0; 15; 11; 1024; 0.00257; 0.09670; 0.00669; 0.12805;  27.96455; 0.02928;  0.02928; 0.00008 ;  515660.765412 ; 420.327309 ;
 0; 15; 11; 1024; 0.00257; 0.09670; 0.00669; 0.12805;  27.96455; 0.02928;  0.02928; 0.00008 ;  515660.765412 ; 420.327309 ;
 0; 15; 11; 1024; 0.00257; 0.09670; 0.00669; 0.12805;  27.96455; 0.02928;  0.02928; 0.00008 ;  515660.765412 ; 420.327309 ;
 0; 15; 11; 1024; 0.00257; 0.09670; 0.00669; 0.12805;  27.96455; 0.02928;  0.02928; 0.00008 ;  515660.765412 ; 420.327309 ;
 0; 15; 11; 2048; 0.00009; 0.09340; 0.00500; 0.09654;  28.34659; 0.05820;  0.05820; 0.00005 ;  514680.322195 ; 426.327163 ;
 0; 15; 11; 2048; 0.00009; 0.09340; 0.00500; 0.09654;  28.34659; 0.05820;  0.05820; 0.00005 ;  514680.322195 ; 426.327163 ;
 0; 15; 11; 2048; 0.00009; 0.09340; 0.00500; 0.09654;  28.34659; 0.05820;  0.05820; 0.00005 ;  514680.322195 ; 426.327163 ;
 0; 15; 11; 2048; 0.00009; 0.09340; 0.00500; 0.09654;  28.34659; 0.05820;  0.05820; 0.00005 ;  514680.322195 ; 426.327163 ;
 0; 15; 11; 2048; 0.00009; 0.09340; 0.00500; 0.09654;  28.34659; 0.05820;  0.05820; 0.00005 ;  514680.322195 ; 426.327163 ;
 0; 15; 11; 4096; 0.00010; 0.09399; 0.00500; 0.09588;  35.81653; 0.11695;  0.11695; 0.00006 ;  512258.554990 ; 539.252366 ;
 0; 15; 11; 4096; 0.00010; 0.09399; 0.00500; 0.09588;  35.81653; 0.11695;  0.11695; 0.00006 ;  512258.554990 ; 539.252366 ;
 0; 15; 11; 4096; 0.00010; 0.09399; 0.00500; 0.09588;  35.81653; 0.11695;  0.11695; 0.00006 ;  512258.554990 ; 539.252366 ;
 0; 15; 11; 4096; 0.00010; 0.09399; 0.00500; 0.09588;  35.81653; 0.11695;  0.11695; 0.00006 ;  512258.554990 ; 539.252366 ;
 0; 15; 11; 4096; 0.00010; 0.09399; 0.00500; 0.09588;  35.81653; 0.11695;  0.11695; 0.00006 ;  512258.554990 ; 539.252366 ;
 0; 15; 11; 8192; 0.00012; 0.09146; 0.00503; 0.09671;  76.28606; 0.23475;  0.23475; 0.00006 ;  504102.960232 ; 1148.085889 ;
 0; 15; 11; 8192; 0.00012; 0.09146; 0.00503; 0.09671;  76.28606; 0.23475;  0.23475; 0.00006 ;  504102.960232 ; 1148.085889 ;
 0; 15; 11; 8192; 0.00012; 0.09146; 0.00503; 0.09671;  76.28606; 0.23475;  0.23475; 0.00006 ;  504102.960232 ; 1148.085889 ;
 0; 15; 11; 8192; 0.00012; 0.09146; 0.00503; 0.09671;  76.28606; 0.23475;  0.23475; 0.00006 ;  504102.960232 ; 1148.085889 ;
 0; 15; 11; 8192; 0.00012; 0.09146; 0.00503; 0.09671;  76.28606; 0.23475;  0.23475; 0.00006 ;  504102.960232 ; 1148.085889 ;
 End Of Execution 
