
 ACO - Begin Of Execution
 run;	iter;	prob;	col size;	Fitness;	Total Time ;
 0;	50;	3;	1024;		4015.000000,	0.283847 ;
 1;	50;	3;	1024;		4015.000000,	0.110198 ;
 2;	50;	3;	1024;		4015.000000,	0.100479 ;
 3;	50;	3;	1024;		4015.000000,	0.080695 ;
 4;	50;	3;	1024;		4015.000000,	0.081241 ;
 0;	50;	3;	2048;		4015.000000,	0.086129 ;
 1;	50;	3;	2048;		4015.000000,	0.087903 ;
 2;	50;	3;	2048;		4015.000000,	0.085604 ;
 3;	50;	3;	2048;		4015.000000,	0.090061 ;
 4;	50;	3;	2048;		4015.000000,	0.093745 ;
 0;	50;	3;	4096;		4015.000000,	0.104774 ;
 1;	50;	3;	4096;		4015.000000,	0.105834 ;
 2;	50;	3;	4096;		4015.000000,	0.103075 ;
 3;	50;	3;	4096;		4015.000000,	0.105982 ;
 4;	50;	3;	4096;		4015.000000,	0.102125 ;
 0;	50;	3;	8192;		4015.000000,	0.155570 ;
 1;	50;	3;	8192;		4015.000000,	0.156125 ;
 2;	50;	3;	8192;		4015.000000,	0.160276 ;
 3;	50;	3;	8192;		4015.000000,	0.157159 ;
 4;	50;	3;	8192;		4015.000000,	0.158451 ;
 End Of Execution 
