
 ACO - Begin Of Execution
 run;	iter;	prob;	col size;	Fitness;	Total Time ;
 0;	50;	1;	1024;		3800.000000,	0.280642 ;
 1;	50;	1;	1024;		3800.000000,	0.022440 ;
 2;	50;	1;	1024;		3800.000000,	0.022457 ;
 3;	50;	1;	1024;		3800.000000,	0.022497 ;
 4;	50;	1;	1024;		3800.000000,	0.022022 ;
 0;	50;	1;	2048;		3800.000000,	0.024491 ;
 1;	50;	1;	2048;		3800.000000,	0.022548 ;
 2;	50;	1;	2048;		3800.000000,	0.022644 ;
 3;	50;	1;	2048;		3800.000000,	0.022779 ;
 4;	50;	1;	2048;		3800.000000,	0.022813 ;
 0;	50;	1;	4096;		3800.000000,	0.034481 ;
 1;	50;	1;	4096;		3800.000000,	0.034293 ;
 2;	50;	1;	4096;		3800.000000,	0.034435 ;
 3;	50;	1;	4096;		3800.000000,	0.034165 ;
 4;	50;	1;	4096;		3800.000000,	0.034306 ;
 0;	50;	1;	8192;		3800.000000,	0.060659 ;
 1;	50;	1;	8192;		3800.000000,	0.060555 ;
 2;	50;	1;	8192;		3800.000000,	0.060544 ;
 3;	50;	1;	8192;		3800.000000,	0.060498 ;
 4;	50;	1;	8192;		3800.000000,	0.060657 ;
 End Of Execution 
