
 ACO - Begin Of Execution
 run;	iter;	prob;	col size;	Fitness;	Total Time ;
 0;	50;	5;	1024;		12400.000000,	0.540535 ;
 1;	50;	5;	1024;		12400.000000,	0.254327 ;
 2;	50;	5;	1024;		12400.000000,	0.254444 ;
 3;	50;	5;	1024;		12400.000000,	0.258923 ;
 4;	50;	5;	1024;		12400.000000,	0.254175 ;
 0;	50;	5;	2048;		12400.000000,	0.269312 ;
 1;	50;	5;	2048;		12400.000000,	0.265314 ;
 2;	50;	5;	2048;		12400.000000,	0.269908 ;
 3;	50;	5;	2048;		12400.000000,	0.277043 ;
 4;	50;	5;	2048;		12400.000000,	0.265050 ;
 0;	50;	5;	4096;		12400.000000,	0.279360 ;
 1;	50;	5;	4096;		12400.000000,	0.278515 ;
 2;	50;	5;	4096;		12400.000000,	0.278127 ;
 3;	50;	5;	4096;		12400.000000,	0.281695 ;
 4;	50;	5;	4096;		12400.000000,	0.279788 ;
 0;	50;	5;	8192;		12400.000000,	0.401855 ;
 1;	50;	5;	8192;		12400.000000,	0.431076 ;
 2;	50;	5;	8192;		12400.000000,	0.402331 ;
 3;	50;	5;	8192;		12400.000000,	0.405619 ;
 4;	50;	5;	8192;		12400.000000,	0.404706 ;
 End Of Execution 
