
 ACO - Begin Of Execution
 run;	iter;	prob;	col size;	Fitness;	Total Time ;
 0;	50;	7;	1024;		16498.000000,	0.882346 ;
 1;	50;	7;	1024;		16481.000000,	0.632571 ;
 2;	50;	7;	1024;		16466.000000,	0.626283 ;
 3;	50;	7;	1024;		16466.000000,	0.625298 ;
 4;	50;	7;	1024;		16483.000000,	0.618449 ;
 0;	50;	7;	2048;		16518.000000,	0.636872 ;
 1;	50;	7;	2048;		16518.000000,	0.637265 ;
 2;	50;	7;	2048;		16499.000000,	0.627120 ;
 3;	50;	7;	2048;		16499.000000,	0.629176 ;
 4;	50;	7;	2048;		16508.000000,	0.625271 ;
 0;	50;	7;	4096;		16499.000000,	0.637475 ;
 1;	50;	7;	4096;		16499.000000,	0.636819 ;
 2;	50;	7;	4096;		16508.000000,	0.656242 ;
 3;	50;	7;	4096;		16472.000000,	0.633044 ;
 4;	50;	7;	4096;		16472.000000,	0.633671 ;
 0;	50;	7;	8192;		16518.000000,	0.930260 ;
 1;	50;	7;	8192;		16519.000000,	0.927520 ;
 2;	50;	7;	8192;		16537.000000,	0.907087 ;
 3;	50;	7;	8192;		16524.000000,	0.922136 ;
 4;	50;	7;	8192;		16519.000000,	0.935948 ;
 End Of Execution 
