
 ACO - Begin Of Execution
 run;	iter;	prob;	col size;	Fitness;	Total Time ;
 0;	50;	2;	1024;		8706.100000,	0.217545 ;
 1;	50;	2;	1024;		8706.100000,	0.046871 ;
 2;	50;	2;	1024;		8706.100000,	0.045508 ;
 3;	50;	2;	1024;		8706.100000,	0.043099 ;
 4;	50;	2;	1024;		8706.100000,	0.033063 ;
 0;	50;	2;	2048;		8706.100000,	0.039484 ;
 1;	50;	2;	2048;		8706.100000,	0.039402 ;
 2;	50;	2;	2048;		8706.100000,	0.039131 ;
 3;	50;	2;	2048;		8706.100000,	0.039222 ;
 4;	50;	2;	2048;		8706.100000,	0.039529 ;
 0;	50;	2;	4096;		8706.100000,	0.052580 ;
 1;	50;	2;	4096;		8706.100000,	0.052805 ;
 2;	50;	2;	4096;		8706.100000,	0.052001 ;
 3;	50;	2;	4096;		8706.100000,	0.051782 ;
 4;	50;	2;	4096;		8706.100000,	0.051978 ;
 0;	50;	2;	8192;		8706.100000,	0.084960 ;
 1;	50;	2;	8192;		8706.100000,	0.084878 ;
 2;	50;	2;	8192;		8706.100000,	0.084454 ;
 3;	50;	2;	8192;		8706.100000,	0.084940 ;
 4;	50;	2;	8192;		8706.100000,	0.084712 ;
 End Of Execution 
