
 ACO - Begin Of Execution
 run;	iter;	prob;	col size;	Fitness;	Total Time ;
 0;	50;	6;	1024;		10587.000000,	0.701325 ;
 1;	50;	6;	1024;		10584.000000,	0.381674 ;
 2;	50;	6;	1024;		10584.000000,	0.378997 ;
 3;	50;	6;	1024;		10584.000000,	0.378833 ;
 4;	50;	6;	1024;		10584.000000,	0.378986 ;
 0;	50;	6;	2048;		10618.000000,	0.387640 ;
 1;	50;	6;	2048;		10602.000000,	0.378210 ;
 2;	50;	6;	2048;		10602.000000,	0.379117 ;
 3;	50;	6;	2048;		10584.000000,	0.383128 ;
 4;	50;	6;	2048;		10584.000000,	0.383353 ;
 0;	50;	6;	4096;		10602.000000,	0.398372 ;
 1;	50;	6;	4096;		10618.000000,	0.397363 ;
 2;	50;	6;	4096;		10618.000000,	0.398980 ;
 3;	50;	6;	4096;		10618.000000,	0.398827 ;
 4;	50;	6;	4096;		10605.000000,	0.396198 ;
 0;	50;	6;	8192;		10618.000000,	0.572943 ;
 1;	50;	6;	8192;		10618.000000,	0.569426 ;
 2;	50;	6;	8192;		10618.000000,	0.568812 ;
 3;	50;	6;	8192;		10618.000000,	0.564036 ;
 4;	50;	6;	8192;		10604.000000,	0.569708 ;
 End Of Execution 
