
 ACO - Begin Of Execution
 run;	iter;	prob;	col size;	Fitness;	Total Time ;
 0;	50;	4;	1024;		6120.000000,	0.425354 ;
 1;	50;	4;	1024;		6120.000000,	0.127054 ;
 2;	50;	4;	1024;		6120.000000,	0.125334 ;
 3;	50;	4;	1024;		6120.000000,	0.127204 ;
 4;	50;	4;	1024;		6120.000000,	0.122279 ;
 0;	50;	4;	2048;		6120.000000,	0.130509 ;
 1;	50;	4;	2048;		6120.000000,	0.134018 ;
 2;	50;	4;	2048;		6120.000000,	0.127893 ;
 3;	50;	4;	2048;		6120.000000,	0.131135 ;
 4;	50;	4;	2048;		6120.000000,	0.129936 ;
 0;	50;	4;	4096;		6120.000000,	0.139971 ;
 1;	50;	4;	4096;		6120.000000,	0.141461 ;
 2;	50;	4;	4096;		6120.000000,	0.139853 ;
 3;	50;	4;	4096;		6120.000000,	0.144224 ;
 4;	50;	4;	4096;		6120.000000,	0.143463 ;
 0;	50;	4;	8192;		6120.000000,	0.211362 ;
 1;	50;	4;	8192;		6120.000000,	0.212213 ;
 2;	50;	4;	8192;		6120.000000,	0.212524 ;
 3;	50;	4;	8192;		6120.000000,	0.213466 ;
 4;	50;	4;	8192;		6120.000000,	0.208158 ;
 End Of Execution 
