
 ACO - Begin Of Execution
 run; iterations; problem; colony size; Setup rand Kernel; read map; Distance Kernel; Iroulete ; Route ; Pheromone; Best Check;  Copy Data; Total Time ;
 0; 15; 7; 1024; 0.00256; 0.05574; 0.00014; 0.00518;  0.15217; 0.00055;  0.00055; 0.00005 ;  50702.121728 ; 2.522772 ;
 1; 15; 7; 1024; 0.00008; 0.00150; 0.00010; 0.00349;  0.14653; 0.00054;  0.00054; 0.00002 ;  51074.051274 ; 2.215543 ;
 2; 15; 7; 1024; 0.00007; 0.00145; 0.00010; 0.00349;  0.14666; 0.00054;  0.00054; 0.00004 ;  50131.093361 ; 2.217502 ;
 3; 15; 7; 1024; 0.00007; 0.00147; 0.00010; 0.00349;  0.14684; 0.00054;  0.00054; 0.00002 ;  50034.913526 ; 2.220141 ;
 4; 15; 7; 1024; 0.00007; 0.00143; 0.00010; 0.00349;  0.14672; 0.00054;  0.00054; 0.00002 ;  50142.514082 ; 2.218177 ;
 0; 15; 7; 2048; 0.00007; 0.00143; 0.00010; 0.00349;  0.14778; 0.00103;  0.00103; 0.00004 ;  50219.190647 ; 2.243144 ;
 1; 15; 7; 2048; 0.00009; 0.00156; 0.00010; 0.00349;  0.14769; 0.00103;  0.00103; 0.00002 ;  49430.747332 ; 2.243092 ;
 2; 15; 7; 2048; 0.00008; 0.00145; 0.00010; 0.00349;  0.14858; 0.00103;  0.00103; 0.00005 ;  49650.260839 ; 2.255373 ;
 3; 15; 7; 2048; 0.00008; 0.00146; 0.00010; 0.00352;  0.14855; 0.00104;  0.00104; 0.00002 ;  49769.571759 ; 2.255117 ;
 4; 15; 7; 2048; 0.00008; 0.00143; 0.00010; 0.00352;  0.14864; 0.00104;  0.00104; 0.00002 ;  50716.369966 ; 2.256444 ;
 0; 15; 7; 4096; 0.00009; 0.00146; 0.00010; 0.00353;  0.17865; 0.00203;  0.00203; 0.00005 ;  49941.105283 ; 2.724955 ;
 1; 15; 7; 4096; 0.00009; 0.00144; 0.00010; 0.00351;  0.17814; 0.00203;  0.00203; 0.00002 ;  49069.526420 ; 2.717492 ;
 2; 15; 7; 4096; 0.00009; 0.00139; 0.00010; 0.00351;  0.17916; 0.00203;  0.00203; 0.00002 ;  49215.809036 ; 2.732717 ;
 3; 15; 7; 4096; 0.00009; 0.00146; 0.00010; 0.00351;  0.17844; 0.00203;  0.00203; 0.00002 ;  49393.717180 ; 2.721619 ;
 4; 15; 7; 4096; 0.00009; 0.00142; 0.00010; 0.00351;  0.17908; 0.00203;  0.00203; 0.00002 ;  50005.647625 ; 2.731403 ;
 0; 15; 7; 8192; 0.00010; 0.00145; 0.00010; 0.00351;  0.40437; 0.00401;  0.00401; 0.00005 ;  49626.175066 ; 6.148247 ;
 1; 15; 7; 8192; 0.00010; 0.00140; 0.00010; 0.00351;  0.40688; 0.00404;  0.00404; 0.00002 ;  49714.437373 ; 6.186730 ;
 2; 15; 7; 8192; 0.00011; 0.00129; 0.00010; 0.00354;  0.40529; 0.00404;  0.00404; 0.00002 ;  48860.379907 ; 6.162155 ;
 3; 15; 7; 8192; 0.00010; 0.00144; 0.00010; 0.00354;  0.40850; 0.00405;  0.00405; 0.00005 ;  47873.595777 ; 6.211251 ;
 4; 15; 7; 8192; 0.00011; 0.00141; 0.00010; 0.00355;  0.40542; 0.00406;  0.00406; 0.00002 ;  50091.404639 ; 6.164788 ;
 End Of Execution 
