
 ACO - Begin Of Execution
 run; iterations; problem; colony size; Setup rand Kernel; read map; Distance Kernel; Iroulete ; Route ; Pheromone; Best Check;  Copy Data; Total Time ;
 0; 15; 3; 1024; 0.00261; 0.01868; 0.00007; 0.00292;  0.06174; 0.00026;  0.00026; 0.00006 ;  11262.920665 ; 1.109970 ;
 1; 15; 3; 1024; 0.00008; 0.00105; 0.00005; 0.00203;  0.05848; 0.00066;  0.00066; 0.00020 ;  11062.350363 ; 0.894787 ;
 2; 15; 3; 1024; 0.00008; 0.00099; 0.00007; 0.00203;  0.05837; 0.00025;  0.00025; 0.00003 ;  11237.001362 ; 0.886786 ;
 3; 15; 3; 1024; 0.00008; 0.00096; 0.00005; 0.00203;  0.05849; 0.00025;  0.00025; 0.00004 ;  11153.165831 ; 0.887672 ;
 4; 15; 3; 1024; 0.00008; 0.00093; 0.00006; 0.00204;  0.05825; 0.00047;  0.00047; 0.00003 ;  10799.326647 ; 0.887977 ;
 0; 15; 3; 2048; 0.00010; 0.00129; 0.00005; 0.00203;  0.05868; 0.00046;  0.00046; 0.00004 ;  11165.026607 ; 0.895744 ;
 1; 15; 3; 2048; 0.00010; 0.00088; 0.00005; 0.00203;  0.05860; 0.00047;  0.00047; 0.00006 ;  10922.995003 ; 0.894501 ;
 2; 15; 3; 2048; 0.00010; 0.00092; 0.00006; 0.00203;  0.05872; 0.00061;  0.00061; 0.00003 ;  10881.365625 ; 0.898621 ;
 3; 15; 3; 2048; 0.00009; 0.00089; 0.00005; 0.00203;  0.05871; 0.00048;  0.00048; 0.00003 ;  10727.455790 ; 0.896242 ;
 4; 15; 3; 2048; 0.00009; 0.00094; 0.00005; 0.00203;  0.05859; 0.00047;  0.00047; 0.00003 ;  10949.379681 ; 0.894601 ;
 0; 15; 3; 4096; 0.00009; 0.00092; 0.00005; 0.00203;  0.06618; 0.00103;  0.00103; 0.00003 ;  10762.677928 ; 1.020653 ;
 1; 15; 3; 4096; 0.00010; 0.00092; 0.00005; 0.00203;  0.06623; 0.00089;  0.00089; 0.00007 ;  10935.717214 ; 1.018979 ;
 2; 15; 3; 4096; 0.00010; 0.00094; 0.00006; 0.00203;  0.06631; 0.00091;  0.00091; 0.00003 ;  11071.275492 ; 1.020437 ;
 3; 15; 3; 4096; 0.00009; 0.00095; 0.00005; 0.00203;  0.06644; 0.00126;  0.00126; 0.00003 ;  10827.471726 ; 1.027836 ;
 4; 15; 3; 4096; 0.00010; 0.00095; 0.00005; 0.00204;  0.06651; 0.00089;  0.00089; 0.00007 ;  10744.085092 ; 1.022925 ;
 0; 15; 3; 8192; 0.00011; 0.00096; 0.00006; 0.00204;  0.11318; 0.00174;  0.00174; 0.00003 ;  10881.105511 ; 1.743613 ;
 1; 15; 3; 8192; 0.00011; 0.00096; 0.00005; 0.00204;  0.11281; 0.00176;  0.00176; 0.00007 ;  10812.053830 ; 1.737981 ;
 2; 15; 3; 8192; 0.00011; 0.00097; 0.00006; 0.00204;  0.11268; 0.00176;  0.00176; 0.00003 ;  10540.889369 ; 1.736887 ;
 3; 15; 3; 8192; 0.00011; 0.00097; 0.00005; 0.00205;  0.11338; 0.00175;  0.00175; 0.00003 ;  10811.104906 ; 1.746184 ;
 4; 15; 3; 8192; 0.00011; 0.00095; 0.00005; 0.00205;  0.11325; 0.00175;  0.00175; 0.00003 ;  10936.361673 ; 1.744850 ;
 End Of Execution 
