
 ACO - Begin Of Execution
 run; iterations; problem; colony size; Setup rand Kernel; read map; Distance Kernel; Iroulete ; Route ; Pheromone; Best Check;  Copy Data; Total Time ;
 0; 15; 10; 1024; 0.00254; 0.09425; 0.00126; 0.02080;  1.66608; 0.00531;  0.00531; 0.00007 ;  342447.279267 ; 25.323857 ;
 1; 15; 10; 1024; 0.00008; 0.01140; 0.00088; 0.01446;  1.67457; 0.00535;  0.00535; 0.00006 ;  341617.191735 ; 25.238268 ;
 2; 15; 10; 1024; 0.00008; 0.01153; 0.00089; 0.01453;  1.68480; 0.00538;  0.00538; 0.00009 ;  344592.259100 ; 25.393429 ;
 3; 15; 10; 1024; 0.00009; 0.01047; 0.00089; 0.01454;  1.69338; 0.00540;  0.00540; 0.00007 ;  339262.350009 ; 25.523840 ;
 4; 15; 10; 1024; 0.00008; 0.01169; 0.00089; 0.01467;  1.69623; 0.00542;  0.00542; 0.00004 ;  340313.595564 ; 25.564421 ;
 0; 15; 10; 2048; 0.00009; 0.01077; 0.00089; 0.01466;  1.73545; 0.01048;  0.01048; 0.00009 ;  333450.046232 ; 26.231241 ;
 1; 15; 10; 2048; 0.00009; 0.01083; 0.00090; 0.01477;  1.73887; 0.01054;  0.01054; 0.00004 ;  342300.346574 ; 26.283336 ;
 2; 15; 10; 2048; 0.00009; 0.01305; 0.00090; 0.01480;  1.73934; 0.01054;  0.01054; 0.00008 ;  343261.528432 ; 26.292387 ;
 3; 15; 10; 2048; 0.00009; 0.01115; 0.00090; 0.01478;  1.74528; 0.01054;  0.01054; 0.00004 ;  340379.688029 ; 26.379787 ;
 4; 15; 10; 2048; 0.00009; 0.01200; 0.00092; 0.01478;  1.74294; 0.01054;  0.01054; 0.00008 ;  336412.119559 ; 26.348672 ;
 0; 15; 10; 4096; 0.00010; 0.01077; 0.00090; 0.01478;  2.83396; 0.02077;  0.02077; 0.00005 ;  338471.996569 ; 42.868434 ;
 1; 15; 10; 4096; 0.00010; 0.01073; 0.00090; 0.01487;  2.84676; 0.02090;  0.02090; 0.00008 ;  341475.732806 ; 43.060678 ;
 2; 15; 10; 4096; 0.00010; 0.01159; 0.00091; 0.01487;  2.83804; 0.02102;  0.02102; 0.00007 ;  334227.380581 ; 42.946830 ;
 3; 15; 10; 4096; 0.00010; 0.01248; 0.00097; 0.01580;  2.86957; 0.02102;  0.02102; 0.00007 ;  340810.784925 ; 43.410021 ;
 4; 15; 10; 4096; 0.00010; 0.01125; 0.00091; 0.01487;  2.88804; 0.02102;  0.02102; 0.00007 ;  338727.318400 ; 43.682390 ;
 0; 15; 10; 8192; 0.00011; 0.01091; 0.00090; 0.01486;  6.04350; 0.04218;  0.04218; 0.00010 ;  331389.070943 ; 91.339925 ;
 1; 15; 10; 8192; 0.00012; 0.01154; 0.00091; 0.01493;  6.05972; 0.04227;  0.04227; 0.00011 ;  338654.437160 ; 91.588900 ;
 2; 15; 10; 8192; 0.00012; 0.01076; 0.00096; 0.01573;  6.07948; 0.04190;  0.04190; 0.00008 ;  337079.960569 ; 91.875803 ;
 3; 15; 10; 8192; 0.00012; 0.01057; 0.00090; 0.01487;  6.05495; 0.04211;  0.04211; 0.00069 ;  336922.605886 ; 91.510734 ;
 4; 15; 10; 8192; 0.00012; 0.01389; 0.00091; 0.01496;  6.04588; 0.04214;  0.04214; 0.00179 ;  340778.189008 ; 91.379640 ;
 End Of Execution 
