
 ACO - Begin Of Execution
 run; iterations; problem; colony size; Setup rand Kernel; read map; Distance Kernel; Iroulete ; Route ; Pheromone; Best Check;  Copy Data; Total Time ;
 0; 15; 4; 1024; 0.00255; 0.00396; 0.00013; 0.00443;  0.11532; 0.00044;  0.00044; 0.00002 ;  3139.151032 ; 1.879245 ;
 1; 15; 4; 1024; 0.00008; 0.00123; 0.00009; 0.00307;  0.11109; 0.00044;  0.00044; 0.00007 ;  3174.077033 ; 1.681520 ;
 2; 15; 4; 1024; 0.00007; 0.00127; 0.00009; 0.00308;  0.11060; 0.00043;  0.00043; 0.00002 ;  3184.466888 ; 1.674025 ;
 3; 15; 4; 1024; 0.00007; 0.00123; 0.00009; 0.00308;  0.11104; 0.00044;  0.00044; 0.00005 ;  3159.246201 ; 1.680589 ;
 4; 15; 4; 1024; 0.00007; 0.00126; 0.00009; 0.00308;  0.11124; 0.00043;  0.00043; 0.00002 ;  3167.993708 ; 1.683692 ;
 0; 15; 4; 2048; 0.00007; 0.00115; 0.00009; 0.00307;  0.11071; 0.00083;  0.00083; 0.00002 ;  3210.532160 ; 1.683082 ;
 1; 15; 4; 2048; 0.00009; 0.00128; 0.00009; 0.00307;  0.11142; 0.00083;  0.00083; 0.00005 ;  3150.524673 ; 1.694070 ;
 2; 15; 4; 2048; 0.00009; 0.00134; 0.00009; 0.00308;  0.11117; 0.00083;  0.00083; 0.00002 ;  3171.685525 ; 1.706943 ;
 3; 15; 4; 2048; 0.00008; 0.00125; 0.00009; 0.00308;  0.11145; 0.00083;  0.00083; 0.00002 ;  3133.856560 ; 1.694492 ;
 4; 15; 4; 2048; 0.00008; 0.00123; 0.00009; 0.00308;  0.11099; 0.00083;  0.00083; 0.00002 ;  3154.594082 ; 1.687593 ;
 0; 15; 4; 4096; 0.00009; 0.00124; 0.00009; 0.00308;  0.13921; 0.00162;  0.00162; 0.00005 ;  3045.367477 ; 2.126329 ;
 1; 15; 4; 4096; 0.00009; 0.00123; 0.00009; 0.00310;  0.13905; 0.00162;  0.00162; 0.00002 ;  3170.520766 ; 2.124217 ;
 2; 15; 4; 4096; 0.00009; 0.00121; 0.00009; 0.00309;  0.13900; 0.00162;  0.00162; 0.00002 ;  3163.539017 ; 2.123156 ;
 3; 15; 4; 4096; 0.00009; 0.00120; 0.00009; 0.00309;  0.13897; 0.00162;  0.00162; 0.00002 ;  3088.034382 ; 2.122563 ;
 4; 15; 4; 4096; 0.00010; 0.00121; 0.00009; 0.00309;  0.13859; 0.00162;  0.00162; 0.00005 ;  3146.506604 ; 2.137446 ;
 0; 15; 4; 8192; 0.00010; 0.00121; 0.00010; 0.00309;  0.29355; 0.00324;  0.00324; 0.00002 ;  3096.670137 ; 4.473564 ;
 1; 15; 4; 8192; 0.00011; 0.00125; 0.00009; 0.00312;  0.29429; 0.00324;  0.00324; 0.00002 ;  3113.907777 ; 4.484636 ;
 2; 15; 4; 8192; 0.00010; 0.00123; 0.00010; 0.00312;  0.29421; 0.00325;  0.00325; 0.00006 ;  3134.508147 ; 4.483734 ;
 3; 15; 4; 8192; 0.00011; 0.00117; 0.00010; 0.00314;  0.29283; 0.00325;  0.00325; 0.00003 ;  3103.805535 ; 4.463097 ;
 4; 15; 4; 8192; 0.00011; 0.00119; 0.00010; 0.00314;  0.29489; 0.00325;  0.00325; 0.00002 ;  3158.368523 ; 4.494926 ;
 End Of Execution 
