
 ACO - Begin Of Execution
 run; iterations; problem; colony size; Setup rand Kernel; read map; Distance Kernel; Iroulete ; Route ; Pheromone; Best Check;  Copy Data; Total Time ;
 0; 15; 12; 1024; 0.00255; 0.05636; 0.00078; 0.01478;  0.88427; 0.00332;  0.00332; 0.00005 ;  11328.951506 ; 13.550886 ;
 1; 15; 12; 1024; 0.00008; 0.00721; 0.00055; 0.01007;  0.88198; 0.00333;  0.00333; 0.00005 ;  11451.091793 ; 13.306372 ;
 2; 15; 12; 1024; 0.00008; 0.00735; 0.00056; 0.01011;  0.88427; 0.00334;  0.00334; 0.00005 ;  11459.131335 ; 13.341960 ;
 3; 15; 12; 1024; 0.00008; 0.00643; 0.00056; 0.01012;  0.88478; 0.00333;  0.00333; 0.00002 ;  11437.947279 ; 13.348789 ;
 4; 15; 12; 1024; 0.00009; 0.00701; 0.00056; 0.01013;  0.88021; 0.00334;  0.00334; 0.00005 ;  11457.163370 ; 13.279873 ;
 0; 15; 12; 2048; 0.00009; 0.00751; 0.00056; 0.01013;  0.90413; 0.00646;  0.00646; 0.00003 ;  11356.519355 ; 13.694141 ;
 1; 15; 12; 2048; 0.00009; 0.00636; 0.00056; 0.01020;  0.90725; 0.00647;  0.00647; 0.00006 ;  11385.008442 ; 13.734939 ;
 2; 15; 12; 2048; 0.00009; 0.00692; 0.00056; 0.01018;  0.90684; 0.00647;  0.00647; 0.00003 ;  11426.767878 ; 13.728933 ;
 3; 15; 12; 2048; 0.00008; 0.00859; 0.00056; 0.01021;  0.91434; 0.00651;  0.00651; 0.00002 ;  11443.506072 ; 13.843382 ;
 4; 15; 12; 2048; 0.00008; 0.00621; 0.00056; 0.01025;  0.91365; 0.00652;  0.00652; 0.00002 ;  11289.281795 ; 13.831358 ;
 0; 15; 12; 4096; 0.00010; 0.00695; 0.00057; 0.01025;  1.62568; 0.01285;  0.01285; 0.00007 ;  11275.163757 ; 24.611695 ;
 1; 15; 12; 4096; 0.00009; 0.01065; 0.00057; 0.01034;  1.62285; 0.01292;  0.01292; 0.00003 ;  11364.356815 ; 24.574161 ;
 2; 15; 12; 4096; 0.00009; 0.00685; 0.00057; 0.01034;  1.62364; 0.01293;  0.01293; 0.00006 ;  11217.853289 ; 24.583890 ;
 3; 15; 12; 4096; 0.00009; 0.00600; 0.00057; 0.01038;  1.62646; 0.01302;  0.01302; 0.00003 ;  11165.855336 ; 24.625439 ;
 4; 15; 12; 4096; 0.00009; 0.00702; 0.00057; 0.01045;  1.64194; 0.01315;  0.01315; 0.00003 ;  11269.899099 ; 24.861045 ;
 0; 15; 12; 8192; 0.00011; 0.00649; 0.00058; 0.01056;  3.74806; 0.02696;  0.02696; 0.00008 ;  11215.611306 ; 56.667882 ;
 1; 15; 12; 8192; 0.00013; 0.00827; 0.00067; 0.01229;  3.78286; 0.02761;  0.02761; 0.00008 ;  11372.808321 ; 57.206467 ;
 2; 15; 12; 8192; 0.00011; 0.00698; 0.00059; 0.01073;  3.78510; 0.02719;  0.02719; 0.00009 ;  11326.880811 ; 57.227807 ;
 3; 15; 12; 8192; 0.00013; 0.00677; 0.00067; 0.01227;  3.80014; 0.02733;  0.02733; 0.00007 ;  11229.742143 ; 57.457792 ;
 4; 15; 12; 8192; 0.00011; 0.00596; 0.00059; 0.01071;  3.80156; 0.02748;  0.02748; 0.00008 ;  11199.919754 ; 57.478691 ;
 End Of Execution 
