
 ACO - Begin Of Execution
 run; iterations; problem; colony size; Setup rand Kernel; read map; Distance Kernel; Iroulete ; Route ; Pheromone; Best Check;  Copy Data; Total Time ;
 0; 15; 2; 1024; 0.00160; 0.07854; 0.00120; 0.02034;  1.11096; 0.00508;  0.00508; 0.00007 ;  16027.380261 ; 17.043002 ;
 1; 15; 2; 1024; 0.00008; 0.01088; 0.00085; 0.01423;  1.12075; 0.00512;  0.00512; 0.00006 ;  16416.904425 ; 16.926307 ;
 2; 15; 2; 1024; 0.00008; 0.01118; 0.00086; 0.01435;  1.12732; 0.00516;  0.00516; 0.00010 ;  16053.262822 ; 17.025961 ;
 3; 15; 2; 1024; 0.00011; 0.01155; 0.00087; 0.01445;  1.12739; 0.00519;  0.00519; 0.00006 ;  16181.713523 ; 17.028465 ;
 4; 15; 2; 1024; 0.00008; 0.01050; 0.00087; 0.01447;  1.13222; 0.00518;  0.00518; 0.00005 ;  15737.317505 ; 17.098908 ;
 0; 15; 2; 2048; 0.00009; 0.01195; 0.00087; 0.01444;  1.45969; 0.01003;  0.01003; 0.00006 ;  16090.148238 ; 22.087389 ;
 1; 15; 2; 2048; 0.00010; 0.01101; 0.00087; 0.01458;  1.46815; 0.01009;  0.01009; 0.00003 ;  15566.484183 ; 22.215217 ;
 2; 15; 2; 2048; 0.00009; 0.01129; 0.00087; 0.01459;  1.48851; 0.01011;  0.01011; 0.00006 ;  16103.225027 ; 22.520439 ;
 3; 15; 2; 2048; 0.00009; 0.01202; 0.00088; 0.01465;  1.48672; 0.01016;  0.01016; 0.00003 ;  15990.648288 ; 22.495613 ;
 4; 15; 2; 2048; 0.00009; 0.01098; 0.00088; 0.01465;  1.49179; 0.01016;  0.01016; 0.00005 ;  15932.094045 ; 22.569959 ;
 0; 15; 2; 4096; 0.00010; 0.01609; 0.00088; 0.01465;  2.78208; 0.02005;  0.02005; 0.00004 ;  15590.728900 ; 42.081679 ;
 1; 15; 2; 4096; 0.00010; 0.01080; 0.00089; 0.01476;  2.86991; 0.02012;  0.02012; 0.00007 ;  15489.439968 ; 43.396216 ;
 2; 15; 2; 4096; 0.00010; 0.01313; 0.00091; 0.01478;  2.90192; 0.02012;  0.02012; 0.00007 ;  16000.841140 ; 43.881020 ;
 3; 15; 2; 4096; 0.00013; 0.01250; 0.00090; 0.01480;  2.87013; 0.02012;  0.02012; 0.00011 ;  16120.182414 ; 43.404151 ;
 4; 15; 2; 4096; 0.00011; 0.01162; 0.00089; 0.01477;  2.80929; 0.02012;  0.02012; 0.00009 ;  16153.092865 ; 42.491179 ;
 0; 15; 2; 8192; 0.00012; 0.01526; 0.00089; 0.01478;  5.86954; 0.03988;  0.03988; 0.00008 ;  15667.180166 ; 88.699121 ;
 1; 15; 2; 8192; 0.00012; 0.01211; 0.00089; 0.01481;  5.89456; 0.03990;  0.03990; 0.00006 ;  15728.079021 ; 89.074597 ;
 2; 15; 2; 8192; 0.00011; 0.01156; 0.00089; 0.01478;  5.87069; 0.03991;  0.03991; 0.00008 ;  15421.308184 ; 88.713343 ;
 3; 15; 2; 8192; 0.00012; 0.01114; 0.00089; 0.01481;  5.79925; 0.03987;  0.03987; 0.00283 ;  15822.455581 ; 87.645413 ;
 4; 15; 2; 8192; 0.00013; 0.01205; 0.00089; 0.01479;  5.80323; 0.03995;  0.03995; 0.00010 ;  15897.336455 ; 87.707202 ;
 End Of Execution 
