
Currently Loaded Modules:
  1) GCC/8.2.0-2.31.1   7) numactl/2.0.12     13) gompi/2019a
  2) GCCcore/8.2.0      8) XZ/5.2.4           14) bzip2/1.0.6
  3) zlib/1.2.11        9) libxml2/2.9.8      15) Boost/1.70.0
  4) binutils/2.31.1   10) libpciaccess/0.14  16) ncurses/6.1
  5) CUDA/10.1.105     11) hwloc/1.11.11      17) cURL/7.63.0
  6) gcccuda/2019a     12) OpenMPI/3.1.3      18) CMake/3.15.3

 

-- The C compiler identification is GNU 8.2.0
-- The CXX compiler identification is GNU 8.2.0
-- Check for working C compiler: /Applic.HPC/Easybuild/ivybridge-IB/2019a/software/GCCcore/8.2.0/bin/cc
-- Check for working C compiler: /Applic.HPC/Easybuild/ivybridge-IB/2019a/software/GCCcore/8.2.0/bin/cc -- works
-- Detecting C compiler ABI info
-- Detecting C compiler ABI info - done
-- Detecting C compile features
-- Detecting C compile features - done
-- Check for working CXX compiler: /Applic.HPC/Easybuild/ivybridge-IB/2019a/software/GCCcore/8.2.0/bin/c++
-- Check for working CXX compiler: /Applic.HPC/Easybuild/ivybridge-IB/2019a/software/GCCcore/8.2.0/bin/c++ -- works
-- Detecting CXX compiler ABI info
-- Detecting CXX compiler ABI info - done
-- Detecting CXX compile features
-- Detecting CXX compile features - done
-- Host System: Linux-3.10.0-1062.el7.x86_64
-- compiler id: GNU
-- compiler flags: 
-- compiler flags debug: -g
-- compiler flags release: -O3 -DNDEBUG
-- compiler flags minsizerel: -Os -DNDEBUG
-- compiler flags relwithdebinfo: -O2 -g -DNDEBUG
-- Found MPI_C: /Applic.HPC/Easybuild/ivybridge-IB/2019a/software/OpenMPI/3.1.3-gcccuda-2019a/lib/libmpi.so (found version "3.1") 
-- Found MPI_CXX: /Applic.HPC/Easybuild/ivybridge-IB/2019a/software/OpenMPI/3.1.3-gcccuda-2019a/lib/libmpi.so (found version "3.1") 
-- Found MPI: TRUE (found version "3.1")  
-- mpi compiler: /Applic.HPC/Easybuild/ivybridge-IB/2019a/software/OpenMPI/3.1.3-gcccuda-2019a/bin/mpicxx
-- mpi compile flags: 
-- mpi link flags: -Wl,-rpath -Wl,/Applic.HPC/Easybuild/ivybridge-IB/2019a/software/hwloc/1.11.11-GCCcore-8.2.0/lib -Wl,-rpath -Wl,/Applic.HPC/Easybuild/ivybridge-IB/2019a/software/OpenMPI/3.1.3-gcccuda-2019a/lib -Wl,--enable-new-dtags -L/Applic.HPC/Easybuild/ivybridge-IB/2019a/software/hwloc/1.11.11-GCCcore-8.2.0/lib
-- mpi libraries: /Applic.HPC/Easybuild/ivybridge-IB/2019a/software/OpenMPI/3.1.3-gcccuda-2019a/lib/libmpi.so
-- Found OpenMP_C: -fopenmp (found version "4.5") 
-- Found OpenMP_CXX: -fopenmp (found version "4.5") 
-- Found OpenMP: TRUE (found version "4.5")  
-- OpenMP CXX compiler flags: -fopenmp
CMake Warning (dev) at CMakeLists.txt:42 (find_package):
  Policy CMP0074 is not set: find_package uses <PackageName>_ROOT variables.
  Run "cmake --help-policy CMP0074" for policy details.  Use the cmake_policy
  command to set the policy and suppress this warning.

  Environment variable CUDA_ROOT is set to:

    /Applic.HPC/Easybuild/ivybridge-IB/2019a/software/CUDA/10.1.105-GCC-8.2.0-2.31.1

  For compatibility, CMake is ignoring the variable.
This warning is for project developers.  Use -Wno-dev to suppress it.

-- Looking for pthread.h
-- Looking for pthread.h - found
-- Performing Test CMAKE_HAVE_LIBC_PTHREAD
-- Performing Test CMAKE_HAVE_LIBC_PTHREAD - Failed
-- Looking for pthread_create in pthreads
-- Looking for pthread_create in pthreads - not found
-- Looking for pthread_create in pthread
-- Looking for pthread_create in pthread - found
-- Found Threads: TRUE  
-- Found CUDA: /Applic.HPC/Easybuild/ivybridge-IB/2019a/software/CUDA/10.1.105-GCC-8.2.0-2.31.1 (found version "10.1") 
-- Performing Test compiler_flag_wall
-- Performing Test compiler_flag_wall - Success
-- Performing Test compiler_flag_marchnative
-- Performing Test compiler_flag_marchnative - Success
-- Performing Test compiler_flag_fno_strict_aliasing
-- Performing Test compiler_flag_fno_strict_aliasing - Success
-- Performing Test compiler_flag_dmpich_ignore_cxx_seek
-- Performing Test compiler_flag_dmpich_ignore_cxx_seek - Success
-- Performing Test compiler_flag_wno_unknown_pragmas
-- Performing Test compiler_flag_wno_unknown_pragmas - Success
-- Performing Test compiler_flag_wno_reorder
-- Performing Test compiler_flag_wno_reorder - Success
-- Performing Test compiler_flag_mmic
-- Performing Test compiler_flag_mmic - Failed
-- Performing Test compiler_flag_vec_report1
-- Performing Test compiler_flag_vec_report1 - Failed
-- Performing Test compiler_flag_dmpich_skip_mpicxx
-- Performing Test compiler_flag_dmpich_skip_mpicxx - Success
-- Found Boost 1.70.0 at /Applic.HPC/Easybuild/ivybridge-IB/2019a/software/Boost/1.70.0-gompic-2019a/lib/cmake/Boost-1.70.0
--   Requested configuration: QUIET COMPONENTS program_options;timer
-- Found boost_headers 1.70.0 at /Applic.HPC/Easybuild/ivybridge-IB/2019a/software/Boost/1.70.0-gompic-2019a/lib/cmake/boost_headers-1.70.0
-- Found boost_program_options 1.70.0 at /Applic.HPC/Easybuild/ivybridge-IB/2019a/software/Boost/1.70.0-gompic-2019a/lib/cmake/boost_program_options-1.70.0
--   libboost_program_options.a
-- Adding boost_program_options dependencies: headers
-- Found boost_timer 1.70.0 at /Applic.HPC/Easybuild/ivybridge-IB/2019a/software/Boost/1.70.0-gompic-2019a/lib/cmake/boost_timer-1.70.0
--   libboost_timer.a
-- Adding boost_timer dependencies: chrono;headers
-- Found boost_chrono 1.70.0 at /Applic.HPC/Easybuild/ivybridge-IB/2019a/software/Boost/1.70.0-gompic-2019a/lib/cmake/boost_chrono-1.70.0
--   libboost_chrono.a
-- Adding boost_chrono dependencies: headers
-- Found Boost: /Applic.HPC/Easybuild/ivybridge-IB/2019a/software/Boost/1.70.0-gompic-2019a/lib/cmake/Boost-1.70.0/BoostConfig.cmake (found version "1.70.0") found components:  program_options timer 
-- Boost include path: /Applic.HPC/Easybuild/ivybridge-IB/2019a/software/Boost/1.70.0-gompic-2019a/include
-- Configuring done
-- Generating done
-- Build files have been written to: /home/b/b_mene01/LS_PI-Research_ACO/build/Release
[  4%] Building NVCC (Device) object CMakeFiles/aco_cuda_v3_ref.dir/src/aco_cuda_v3_ref_generated_aco_v3_cuda_algorithm.cu.o
[  9%] Building NVCC (Device) object CMakeFiles/aco_cuda_v3_ref.dir/src/aco_cuda_v3_ref_generated_aco_v3_cuda.cu.o
/Applic.HPC/Easybuild/ivybridge-IB/2019a/software/Boost/1.70.0-gompic-2019a/include/boost/mpl/assert.hpp:193:42: warning: unnecessary parentheses in declaration of 'assert_arg' [-Wparentheses]
 template< typename Pred >
                                          ^
/Applic.HPC/Easybuild/ivybridge-IB/2019a/software/Boost/1.70.0-gompic-2019a/include/boost/mpl/assert.hpp:198:42: warning: unnecessary parentheses in declaration of 'assert_not_arg' [-Wparentheses]
 template< typename Pred >
                                          ^
Scanning dependencies of target aco_cuda_v3_ref
[ 13%] Linking CXX executable bin/aco_cuda_v3_ref
[ 13%] Built target aco_cuda_v3_ref
Scanning dependencies of target aco_openmp_ref
[ 18%] Building CXX object CMakeFiles/aco_openmp_ref.dir/src/aco_openmp.cpp.o
[ 22%] Building CXX object CMakeFiles/aco_openmp_ref.dir/src/aco_openmp_algorithm.cpp.o
[ 27%] Linking CXX executable bin/aco_openmp_ref
[ 27%] Built target aco_openmp_ref
Scanning dependencies of target aco_seq_ref
[ 31%] Building CXX object CMakeFiles/aco_seq_ref.dir/src/aco_seq.cpp.o
[ 36%] Building CXX object CMakeFiles/aco_seq_ref.dir/src/aco_seq_algorithm.cpp.o
[ 40%] Building CXX object CMakeFiles/aco_seq_ref.dir/src/Randoms.cpp.o
[ 45%] Linking CXX executable bin/aco_seq_ref
[ 45%] Built target aco_seq_ref
Scanning dependencies of target aco_openmp_v2_ref
[ 50%] Building CXX object CMakeFiles/aco_openmp_v2_ref.dir/src/aco_openmp_v2.cpp.o
[ 54%] Building CXX object CMakeFiles/aco_openmp_v2_ref.dir/src/aco_openmp_v2_algorithm.cpp.o
[ 59%] Linking CXX executable bin/aco_openmp_v2_ref
[ 59%] Built target aco_openmp_v2_ref
[ 63%] Building NVCC (Device) object CMakeFiles/aco_cuda_ref.dir/src/aco_cuda_ref_generated_aco_cuda_algorithm.cu.o
/home/b/b_mene01/LS_PI-Research_ACO/source/src/aco_cuda_algorithm.cu(556): warning: variable "mean_times" was declared but never referenced

[ 68%] Building NVCC (Device) object CMakeFiles/aco_cuda_ref.dir/src/aco_cuda_ref_generated_aco_cuda.cu.o
/Applic.HPC/Easybuild/ivybridge-IB/2019a/software/Boost/1.70.0-gompic-2019a/include/boost/mpl/assert.hpp:193:42: warning: unnecessary parentheses in declaration of 'assert_arg' [-Wparentheses]
 template< typename Pred >
                                          ^
/Applic.HPC/Easybuild/ivybridge-IB/2019a/software/Boost/1.70.0-gompic-2019a/include/boost/mpl/assert.hpp:198:42: warning: unnecessary parentheses in declaration of 'assert_not_arg' [-Wparentheses]
 template< typename Pred >
                                          ^
Scanning dependencies of target aco_cuda_ref
[ 72%] Linking CXX executable bin/aco_cuda_ref
[ 72%] Built target aco_cuda_ref
[ 77%] Building NVCC (Device) object CMakeFiles/aco_cuda_v1_ref.dir/src/aco_cuda_v1_ref_generated_aco_v1_cuda_algorithm.cu.o
/home/b/b_mene01/LS_PI-Research_ACO/source/src/aco_v1_cuda_algorithm.cu: In function 'double run_aco(int, int, int)':
/home/b/b_mene01/LS_PI-Research_ACO/source/src/aco_v1_cuda_algorithm.cu:722:44: warning: variable 'kernel5_start' set but not used [-Wunused-but-set-variable]
   std::chrono::high_resolution_clock::time_point kernel5_start = std::chrono::high_resolution_clock::now();
                                            ^~~~~~~~~~~~~
/home/b/b_mene01/LS_PI-Research_ACO/source/src/aco_v1_cuda_algorithm.cu:725:44: warning: variable 'kernel5_end' set but not used [-Wunused-but-set-variable]
   std::chrono::high_resolution_clock::time_point kernel5_end = std::chrono::high_resolution_clock::now();
                                            ^~~~~~~~~~~
[ 81%] Building NVCC (Device) object CMakeFiles/aco_cuda_v1_ref.dir/src/aco_cuda_v1_ref_generated_aco_v1_cuda.cu.o
/Applic.HPC/Easybuild/ivybridge-IB/2019a/software/Boost/1.70.0-gompic-2019a/include/boost/mpl/assert.hpp:193:42: warning: unnecessary parentheses in declaration of 'assert_arg' [-Wparentheses]
 template< typename Pred >
                                          ^
/Applic.HPC/Easybuild/ivybridge-IB/2019a/software/Boost/1.70.0-gompic-2019a/include/boost/mpl/assert.hpp:198:42: warning: unnecessary parentheses in declaration of 'assert_not_arg' [-Wparentheses]
 template< typename Pred >
                                          ^
Scanning dependencies of target aco_cuda_v1_ref
[ 86%] Linking CXX executable bin/aco_cuda_v1_ref
[ 86%] Built target aco_cuda_v1_ref
[ 90%] Building NVCC (Device) object CMakeFiles/aco_cuda_v2_ref.dir/src/aco_cuda_v2_ref_generated_aco_v2_cuda_algorithm.cu.o
[ 95%] Building NVCC (Device) object CMakeFiles/aco_cuda_v2_ref.dir/src/aco_cuda_v2_ref_generated_aco_v2_cuda.cu.o
/Applic.HPC/Easybuild/ivybridge-IB/2019a/software/Boost/1.70.0-gompic-2019a/include/boost/mpl/assert.hpp:193:42: warning: unnecessary parentheses in declaration of 'assert_arg' [-Wparentheses]
 template< typename Pred >
                                          ^
/Applic.HPC/Easybuild/ivybridge-IB/2019a/software/Boost/1.70.0-gompic-2019a/include/boost/mpl/assert.hpp:198:42: warning: unnecessary parentheses in declaration of 'assert_not_arg' [-Wparentheses]
 template< typename Pred >
                                          ^
Scanning dependencies of target aco_cuda_v2_ref
[100%] Linking CXX executable bin/aco_cuda_v2_ref
[100%] Built target aco_cuda_v2_ref
