
 ACO - Begin Of Execution
 run; iterations; problem; colony size; Setup rand Kernel; read map; Distance Kernel; Iroulete ; Route ; Pheromone; Best Check;  Copy Data; Total Time ;
 0; 15; 10; 1024; 0.00261; 0.04174; 0.00124; 0.02058;  2.49147; 0.00545;  0.00545; 0.00009 ;  345696.216765 ; 37.683058 ;
 1; 15; 10; 1024; 0.00009; 0.01469; 0.00090; 0.01464;  2.50442; 0.00543;  0.00543; 0.00025 ;  335820.055617 ; 37.696476 ;
 2; 15; 10; 1024; 0.00009; 0.01560; 0.00092; 0.01479;  2.53067; 0.00547;  0.00547; 0.00009 ;  344828.795864 ; 38.092829 ;
 3; 15; 10; 1024; 0.00010; 0.01536; 0.00091; 0.01477;  2.52776; 0.00547;  0.00547; 0.00009 ;  339742.474578 ; 38.048942 ;
 4; 15; 10; 1024; 0.00010; 0.01409; 0.00090; 0.01477;  2.52130; 0.00547;  0.00547; 0.00010 ;  343937.041383 ; 37.949385 ;
 0; 15; 10; 2048; 0.00011; 0.01455; 0.00090; 0.01478;  2.56191; 0.01068;  0.01068; 0.00006 ;  341231.021796 ; 38.639710 ;
 1; 15; 10; 2048; 0.00011; 0.01495; 0.00094; 0.01489;  2.56567; 0.01064;  0.01064; 0.00010 ;  340966.992204 ; 38.695616 ;
 2; 15; 10; 2048; 0.00010; 0.01429; 0.00091; 0.01492;  2.56276; 0.01063;  0.01063; 0.00009 ;  339975.970876 ; 38.650297 ;
 3; 15; 10; 2048; 0.00010; 0.01502; 0.00091; 0.01491;  2.56122; 0.01065;  0.01065; 0.00006 ;  337682.573724 ; 38.631709 ;
 4; 15; 10; 2048; 0.00009; 0.01551; 0.00120; 0.01489;  2.55693; 0.01083;  0.01083; 0.00010 ;  340315.523676 ; 38.569801 ;
 0; 15; 10; 4096; 0.00010; 0.01434; 0.00091; 0.01491;  2.95080; 0.02111;  0.02111; 0.00010 ;  339139.285515 ; 44.634483 ;
 1; 15; 10; 4096; 0.00010; 0.01494; 0.00092; 0.01507;  3.01078; 0.02117;  0.02117; 0.00009 ;  337572.536546 ; 45.534566 ;
 2; 15; 10; 4096; 0.00010; 0.01345; 0.00092; 0.01502;  3.00892; 0.02116;  0.02116; 0.00010 ;  341179.080008 ; 45.504010 ;
 3; 15; 10; 4096; 0.00010; 0.01501; 0.00095; 0.01542;  3.02205; 0.02123;  0.02123; 0.00008 ;  340254.782680 ; 45.706282 ;
 4; 15; 10; 4096; 0.00010; 0.01408; 0.00094; 0.01542;  3.03633; 0.02120;  0.02120; 0.00006 ;  339198.972760 ; 45.918687 ;
 0; 15; 10; 8192; 0.00012; 0.01581; 0.00092; 0.01506;  6.50360; 0.04214;  0.04214; 0.00008 ;  342206.013678 ; 98.250800 ;
 1; 15; 10; 8192; 0.00034; 0.01613; 0.00091; 0.01534;  6.54524; 0.04241;  0.04241; 0.00007 ;  334040.729084 ; 98.886114 ;
 2; 15; 10; 8192; 0.00012; 0.01860; 0.00092; 0.01508;  6.56442; 0.04211;  0.04211; 0.00008 ;  339639.831069 ; 99.165795 ;
 3; 15; 10; 8192; 0.00011; 0.01563; 0.00092; 0.01506;  6.55309; 0.04242;  0.04242; 0.00008 ;  336239.831000 ; 98.997573 ;
 4; 15; 10; 8192; 0.00012; 0.01417; 0.00091; 0.01504;  6.54189; 0.04280;  0.04280; 0.00008 ;  337615.064207 ; 98.834544 ;
 End Of Execution 
