
 ACO - Begin Of Execution
 run; iterations; problem; colony size; Setup rand Kernel; read map; Distance Kernel; Iroulete ; Route ; Pheromone; Best Check;  Copy Data; Total Time ;
 0; 15; 2; 1024; 0.00259; 0.01252; 0.00120; 0.02031;  2.32341; 0.00510;  0.00510; 0.00008 ;  16190.574508 ; 35.145267 ;
 1; 15; 2; 1024; 0.00008; 0.01455; 0.00086; 0.01434;  2.33655; 0.00514;  0.00514; 0.00006 ;  16279.687098 ; 35.167386 ;
 2; 15; 2; 1024; 0.00008; 0.01097; 0.00086; 0.01437;  2.37198; 0.00518;  0.00518; 0.00006 ;  16106.701291 ; 35.695108 ;
 3; 15; 2; 1024; 0.00008; 0.01245; 0.00089; 0.01447;  2.37591; 0.00521;  0.00521; 0.00008 ;  16021.825165 ; 35.759858 ;
 4; 15; 2; 1024; 0.00008; 0.01060; 0.00088; 0.01456;  2.38756; 0.00523;  0.00523; 0.00005 ;  16265.333143 ; 35.931389 ;
 0; 15; 2; 2048; 0.00009; 0.01130; 0.00087; 0.01456;  2.40789; 0.01009;  0.01009; 0.00008 ;  16205.299284 ; 36.312054 ;
 1; 15; 2; 2048; 0.00009; 0.01155; 0.00088; 0.01457;  2.43158; 0.01016;  0.01016; 0.00004 ;  16014.476692 ; 36.671039 ;
 2; 15; 2; 2048; 0.00009; 0.01119; 0.00088; 0.01468;  2.41653; 0.01016;  0.01016; 0.00009 ;  16322.352872 ; 36.441959 ;
 3; 15; 2; 2048; 0.00009; 0.01138; 0.00089; 0.01470;  2.41972; 0.01016;  0.01016; 0.00004 ;  15991.524416 ; 36.489071 ;
 4; 15; 2; 2048; 0.00013; 0.01224; 0.00088; 0.01470;  2.43372; 0.01017;  0.01017; 0.00012 ;  15604.232286 ; 36.704787 ;
 0; 15; 2; 4096; 0.00010; 0.01215; 0.00088; 0.01468;  3.15655; 0.01999;  0.01999; 0.00020 ;  15795.007971 ; 47.697336 ;
 1; 15; 2; 4096; 0.00011; 0.01135; 0.00089; 0.01471;  3.27414; 0.02016;  0.02016; 0.00008 ;  15381.655118 ; 49.462303 ;
 2; 15; 2; 4096; 0.00010; 0.01186; 0.00089; 0.01482;  3.29376; 0.02025;  0.02025; 0.00009 ;  15715.302286 ; 49.757205 ;
 3; 15; 2; 4096; 0.00010; 0.01008; 0.00089; 0.01483;  3.27306; 0.02038;  0.02038; 0.00010 ;  15993.966121 ; 49.445698 ;
 4; 15; 2; 4096; 0.00010; 0.01127; 0.00090; 0.01509;  3.22737; 0.02032;  0.02032; 0.00120 ;  16045.352891 ; 48.763033 ;
 0; 15; 2; 8192; 0.00011; 0.01125; 0.00090; 0.01497;  7.52355; 0.04013;  0.04013; 0.00128 ;  15887.658203 ; 113.511375 ;
 1; 15; 2; 8192; 0.00011; 0.01124; 0.00089; 0.01483;  7.55271; 0.04021;  0.04021; 0.00006 ;  15755.964496 ; 113.948706 ;
 2; 15; 2; 8192; 0.00011; 0.01539; 0.00089; 0.01483;  7.53220; 0.04015;  0.04015; 0.00006 ;  15649.331041 ; 113.643568 ;
 3; 15; 2; 8192; 0.00011; 0.01387; 0.00089; 0.01486;  7.48175; 0.04016;  0.04016; 0.00006 ;  15828.903016 ; 112.884886 ;
 4; 15; 2; 8192; 0.00011; 0.01134; 0.00089; 0.01486;  7.48370; 0.04022;  0.04022; 0.00008 ;  15909.698560 ; 112.913268 ;
 End Of Execution 
